<?xml version="1.0" encoding="UTF-8"?>
<!-- Generated by org.testng.reporters.JUnitReportReporter -->
<testsuite hostname="DESKTOP-RFC9575" failures="8" tests="23" name="cucumber.framework.runner.siloam.ttddigital.TandaTanganDigitalOutlineRunner" time="168.148" errors="0" timestamp="2022-10-03T14:36:07 WIB" skipped="0">
  <testcase classname="cucumber.framework.runner.siloam.ttddigital.TandaTanganDigitalOutlineRunner" name="runScenario" time="9.491"/>
  <system-out/>
  <testcase classname="cucumber.framework.runner.siloam.ttddigital.TandaTanganDigitalOutlineRunner" name="runScenario" time="4.278">
    <failure message="expected [Alamanda] but found [ADIT TEST]" type="java.lang.AssertionError">
      <![CDATA[java.lang.AssertionError: expected [Alamanda] but found [ADIT TEST]
at org.testng.Assert.fail(Assert.java:110)
at org.testng.Assert.failNotEquals(Assert.java:1413)
at org.testng.Assert.assertEqualsImpl(Assert.java:149)
at org.testng.Assert.assertEquals(Assert.java:131)
at org.testng.Assert.assertEquals(Assert.java:655)
at org.testng.Assert.assertEquals(Assert.java:665)
at cucumber.framework.runner.siloam.ttddigital.TestTTDPageKombinasiDua.siloam105_validasi_data_tersimpan_dan_form_ter_update(TestTTDPageKombinasiDua.java:127)
at ✽.Siloam105 Validasi Data tersimpan dan form ter-update(file:///C:/Users/NEXSOFT/Documents/Project/TA_SQA/JuaraCoding/Alamanda/TA-SQUAD-ACF/TA-SQUAD-ACF/src/test/resources/features/siloam/105UpdateDataSalesDuaKombinasi.feature:17)
]]>
    </failure>
  </testcase> <!-- runScenario -->
  <system-out/>
  <testcase classname="cucumber.framework.runner.siloam.ttddigital.TandaTanganDigitalOutlineRunner" name="runScenario" time="8.214"/>
  <system-out/>
  <testcase classname="cucumber.framework.runner.siloam.ttddigital.TandaTanganDigitalOutlineRunner" name="runScenario" time="8.373"/>
  <system-out/>
  <testcase classname="cucumber.framework.runner.siloam.ttddigital.TandaTanganDigitalOutlineRunner" name="runScenario" time="6.048">
    <failure message="expected [Alamanda] but found [ADIT TEST]" type="java.lang.AssertionError">
      <![CDATA[java.lang.AssertionError: expected [Alamanda] but found [ADIT TEST]
at org.testng.Assert.fail(Assert.java:110)
at org.testng.Assert.failNotEquals(Assert.java:1413)
at org.testng.Assert.assertEqualsImpl(Assert.java:149)
at org.testng.Assert.assertEquals(Assert.java:131)
at org.testng.Assert.assertEquals(Assert.java:655)
at org.testng.Assert.assertEquals(Assert.java:665)
at cucumber.framework.runner.siloam.ttddigital.TestTTDPageKombinasiDua.siloam105_validasi_data_tersimpan_dan_form_ter_update(TestTTDPageKombinasiDua.java:119)
at ✽.Siloam105 Validasi Data tersimpan dan form ter-update(file:///C:/Users/NEXSOFT/Documents/Project/TA_SQA/JuaraCoding/Alamanda/TA-SQUAD-ACF/TA-SQUAD-ACF/src/test/resources/features/siloam/105UpdateDataSalesDuaKombinasi.feature:17)
]]>
    </failure>
  </testcase> <!-- runScenario -->
  <system-out/>
  <testcase classname="cucumber.framework.runner.siloam.ttddigital.TandaTanganDigitalOutlineRunner" name="runScenario" time="6.152"/>
  <system-out/>
  <testcase classname="cucumber.framework.runner.siloam.ttddigital.TandaTanganDigitalOutlineRunner" name="runScenario" time="11.400"/>
  <system-out/>
  <testcase classname="cucumber.framework.runner.siloam.ttddigital.TandaTanganDigitalOutlineRunner" name="runScenario" time="6.128"/>
  <system-out/>
  <testcase classname="cucumber.framework.runner.siloam.ttddigital.TandaTanganDigitalOutlineRunner" name="runScenario" time="5.905"/>
  <system-out/>
  <testcase classname="cucumber.framework.runner.siloam.ttddigital.TandaTanganDigitalOutlineRunner" name="runScenario" time="4.423">
    <failure message="expected [Alamanda] but found [ADIT TEST]" type="java.lang.AssertionError">
      <![CDATA[java.lang.AssertionError: expected [Alamanda] but found [ADIT TEST]
at org.testng.Assert.fail(Assert.java:110)
at org.testng.Assert.failNotEquals(Assert.java:1413)
at org.testng.Assert.assertEqualsImpl(Assert.java:149)
at org.testng.Assert.assertEquals(Assert.java:131)
at org.testng.Assert.assertEquals(Assert.java:655)
at org.testng.Assert.assertEquals(Assert.java:665)
at cucumber.framework.runner.siloam.ttddigital.TestTTDPageKombinasiDua.siloam105_validasi_data_tersimpan_dan_form_ter_update(TestTTDPageKombinasiDua.java:149)
at ✽.Siloam105 Validasi Data tersimpan dan form ter-update(file:///C:/Users/NEXSOFT/Documents/Project/TA_SQA/JuaraCoding/Alamanda/TA-SQUAD-ACF/TA-SQUAD-ACF/src/test/resources/features/siloam/105UpdateDataSalesDuaKombinasi.feature:17)
]]>
    </failure>
  </testcase> <!-- runScenario -->
  <system-out/>
  <testcase classname="cucumber.framework.runner.siloam.ttddigital.TandaTanganDigitalOutlineRunner" name="runScenario" time="8.791"/>
  <system-out/>
  <testcase classname="cucumber.framework.runner.siloam.ttddigital.TandaTanganDigitalOutlineRunner" name="runScenario" time="4.486">
    <failure message="expected [Alamanda] but found [ADIT TEST]" type="java.lang.AssertionError">
      <![CDATA[java.lang.AssertionError: expected [Alamanda] but found [ADIT TEST]
at org.testng.Assert.fail(Assert.java:110)
at org.testng.Assert.failNotEquals(Assert.java:1413)
at org.testng.Assert.assertEqualsImpl(Assert.java:149)
at org.testng.Assert.assertEquals(Assert.java:131)
at org.testng.Assert.assertEquals(Assert.java:655)
at org.testng.Assert.assertEquals(Assert.java:665)
at cucumber.framework.runner.siloam.ttddigital.TestTTDPageKombinasiDua.siloam105_validasi_data_tersimpan_dan_form_ter_update(TestTTDPageKombinasiDua.java:156)
at ✽.Siloam105 Validasi Data tersimpan dan form ter-update(file:///C:/Users/NEXSOFT/Documents/Project/TA_SQA/JuaraCoding/Alamanda/TA-SQUAD-ACF/TA-SQUAD-ACF/src/test/resources/features/siloam/105UpdateDataSalesDuaKombinasi.feature:17)
]]>
    </failure>
  </testcase> <!-- runScenario -->
  <system-out/>
  <testcase classname="cucumber.framework.runner.siloam.ttddigital.TandaTanganDigitalOutlineRunner" name="runScenario" time="7.095"/>
  <system-out/>
  <testcase classname="cucumber.framework.runner.siloam.ttddigital.TandaTanganDigitalOutlineRunner" name="runScenario" time="3.905">
    <failure message="expected [Alamanda] but found [ADIT TEST]" type="java.lang.AssertionError">
      <![CDATA[java.lang.AssertionError: expected [Alamanda] but found [ADIT TEST]
at org.testng.Assert.fail(Assert.java:110)
at org.testng.Assert.failNotEquals(Assert.java:1413)
at org.testng.Assert.assertEqualsImpl(Assert.java:149)
at org.testng.Assert.assertEquals(Assert.java:131)
at org.testng.Assert.assertEquals(Assert.java:655)
at org.testng.Assert.assertEquals(Assert.java:665)
at cucumber.framework.runner.siloam.ttddigital.TestTTDPageKombinasiDua.siloam105_validasi_data_tersimpan_dan_form_ter_update(TestTTDPageKombinasiDua.java:135)
at ✽.Siloam105 Validasi Data tersimpan dan form ter-update(file:///C:/Users/NEXSOFT/Documents/Project/TA_SQA/JuaraCoding/Alamanda/TA-SQUAD-ACF/TA-SQUAD-ACF/src/test/resources/features/siloam/105UpdateDataSalesDuaKombinasi.feature:17)
]]>
    </failure>
  </testcase> <!-- runScenario -->
  <system-out/>
  <testcase classname="cucumber.framework.runner.siloam.ttddigital.TandaTanganDigitalOutlineRunner" name="runScenario" time="17.588"/>
  <system-out/>
  <testcase classname="cucumber.framework.runner.siloam.ttddigital.TandaTanganDigitalOutlineRunner" name="runScenario" time="8.210"/>
  <system-out/>
  <testcase classname="cucumber.framework.runner.siloam.ttddigital.TandaTanganDigitalOutlineRunner" name="runScenario" time="8.133"/>
  <system-out/>
  <testcase classname="cucumber.framework.runner.siloam.ttddigital.TandaTanganDigitalOutlineRunner" name="runScenario" time="6.657">
    <failure message="expected [Alamanda] but found [ADIT TEST]" type="java.lang.AssertionError">
      <![CDATA[java.lang.AssertionError: expected [Alamanda] but found [ADIT TEST]
at org.testng.Assert.fail(Assert.java:110)
at org.testng.Assert.failNotEquals(Assert.java:1413)
at org.testng.Assert.assertEqualsImpl(Assert.java:149)
at org.testng.Assert.assertEquals(Assert.java:131)
at org.testng.Assert.assertEquals(Assert.java:655)
at org.testng.Assert.assertEquals(Assert.java:665)
at cucumber.framework.runner.siloam.ttddigital.TestTTDPageKombinasiDua.siloam105_validasi_data_tersimpan_dan_form_ter_update(TestTTDPageKombinasiDua.java:142)
at ✽.Siloam105 Validasi Data tersimpan dan form ter-update(file:///C:/Users/NEXSOFT/Documents/Project/TA_SQA/JuaraCoding/Alamanda/TA-SQUAD-ACF/TA-SQUAD-ACF/src/test/resources/features/siloam/105UpdateDataSalesDuaKombinasi.feature:17)
]]>
    </failure>
  </testcase> <!-- runScenario -->
  <system-out/>
  <testcase classname="cucumber.framework.runner.siloam.ttddigital.TandaTanganDigitalOutlineRunner" name="runScenario" time="8.506"/>
  <system-out/>
  <testcase classname="cucumber.framework.runner.siloam.ttddigital.TandaTanganDigitalOutlineRunner" name="runScenario" time="4.169">
    <failure message="expected [Alamanda] but found [ADIT TEST]" type="java.lang.AssertionError">
      <![CDATA[java.lang.AssertionError: expected [Alamanda] but found [ADIT TEST]
at org.testng.Assert.fail(Assert.java:110)
at org.testng.Assert.failNotEquals(Assert.java:1413)
at org.testng.Assert.assertEqualsImpl(Assert.java:149)
at org.testng.Assert.assertEquals(Assert.java:131)
at org.testng.Assert.assertEquals(Assert.java:655)
at org.testng.Assert.assertEquals(Assert.java:665)
at cucumber.framework.runner.siloam.ttddigital.TestTTDPageKombinasiDua.siloam105_validasi_data_tersimpan_dan_form_ter_update(TestTTDPageKombinasiDua.java:163)
at ✽.Siloam105 Validasi Data tersimpan dan form ter-update(file:///C:/Users/NEXSOFT/Documents/Project/TA_SQA/JuaraCoding/Alamanda/TA-SQUAD-ACF/TA-SQUAD-ACF/src/test/resources/features/siloam/105UpdateDataSalesDuaKombinasi.feature:17)
]]>
    </failure>
  </testcase> <!-- runScenario -->
  <system-out/>
  <testcase classname="cucumber.framework.runner.siloam.ttddigital.TandaTanganDigitalOutlineRunner" name="runScenario" time="5.824"/>
  <system-out/>
  <testcase classname="cucumber.framework.runner.siloam.ttddigital.TandaTanganDigitalOutlineRunner" name="runScenario" time="8.240"/>
  <system-out/>
  <testcase classname="cucumber.framework.runner.siloam.ttddigital.TandaTanganDigitalOutlineRunner" name="runScenario" time="6.132">
    <failure message="expected [acc] but found [ADIT TEST]" type="java.lang.AssertionError">
      <![CDATA[java.lang.AssertionError: expected [acc] but found [ADIT TEST]
at org.testng.Assert.fail(Assert.java:110)
at org.testng.Assert.failNotEquals(Assert.java:1413)
at org.testng.Assert.assertEqualsImpl(Assert.java:149)
at org.testng.Assert.assertEquals(Assert.java:131)
at org.testng.Assert.assertEquals(Assert.java:655)
at org.testng.Assert.assertEquals(Assert.java:665)
at cucumber.framework.runner.siloam.ttddigital.TestTTDPageKombinasiSatu.siloam100_validasi_data_tersimpan_dan_form_ter_update(TestTTDPageKombinasiSatu.java:120)
at ✽.Siloam100 Validasi Data tersimpan dan form ter-update(file:///C:/Users/NEXSOFT/Documents/Project/TA_SQA/JuaraCoding/Alamanda/TA-SQUAD-ACF/TA-SQUAD-ACF/src/test/resources/features/siloam/100UpdateDataSalesSatuKombinasi.feature:17)
]]>
    </failure>
  </testcase> <!-- runScenario -->
  <system-out/>
</testsuite> <!-- cucumber.framework.runner.siloam.ttddigital.TandaTanganDigitalOutlineRunner -->
