<?xml version="1.0" encoding="UTF-8"?>
<!-- Generated by org.testng.reporters.JUnitReportReporter -->
<testsuite hostname="DESKTOP-RFC9575" failures="0" tests="5" name="cucumber.framework.runner.siloam.loginadmin.AdminLoginOutlineRunner" time="16.645" errors="5" timestamp="2022-09-30T09:59:11 WIB" skipped="0">
  <testcase classname="cucumber.framework.runner.siloam.loginadmin.AdminLoginOutlineRunner" name="runScenario" time="2.030">
    <error message="Cannot invoke &quot;String.contains(java.lang.CharSequence)&quot; because the return value of &quot;cucumber.framework.page.siloam.LoginPage.msgErrorEmpty()&quot; is null" type="java.lang.NullPointerException">
      <![CDATA[java.lang.NullPointerException: Cannot invoke "String.contains(java.lang.CharSequence)" because the return value of "cucumber.framework.page.siloam.LoginPage.msgErrorEmpty()" is null
at cucumber.framework.runner.siloam.loginadmin.TestAdminLoginInvalidEmpty.siloam015_validasi_pesan_pada_halaman_login(TestAdminLoginInvalidEmpty.java:49)
at ✽.Siloam015 Validasi pesan pada halaman login(file:///C:/Users/NEXSOFT/Documents/Project/TA_SQA/JuaraCoding/Alamanda/TA-SQUAD-ACF/TA-SQUAD-ACF/src/test/resources/features/siloam/015InvalidAdminLoginEmpty.feature:13)
]]>
    </error>
  </testcase> <!-- runScenario -->
  <system-out/>
  <testcase classname="cucumber.framework.runner.siloam.loginadmin.AdminLoginOutlineRunner" name="runScenario" time="2.063">
    <error message="Cannot invoke &quot;String.contains(java.lang.CharSequence)&quot; because the return value of &quot;cucumber.framework.page.siloam.LoginPage.msgErrorEmpty()&quot; is null" type="java.lang.NullPointerException">
      <![CDATA[java.lang.NullPointerException: Cannot invoke "String.contains(java.lang.CharSequence)" because the return value of "cucumber.framework.page.siloam.LoginPage.msgErrorEmpty()" is null
at cucumber.framework.runner.siloam.loginadmin.TestAdminLoginInvalidEmpty.siloam015_validasi_pesan_pada_halaman_login(TestAdminLoginInvalidEmpty.java:49)
at ✽.Siloam015 Validasi pesan pada halaman login(file:///C:/Users/NEXSOFT/Documents/Project/TA_SQA/JuaraCoding/Alamanda/TA-SQUAD-ACF/TA-SQUAD-ACF/src/test/resources/features/siloam/015InvalidAdminLoginEmpty.feature:13)
]]>
    </error>
  </testcase> <!-- runScenario -->
  <system-out/>
  <testcase classname="cucumber.framework.runner.siloam.loginadmin.AdminLoginOutlineRunner" name="runScenario" time="8.425">
    <error message="Cannot invoke &quot;String.contains(java.lang.CharSequence)&quot; because the return value of &quot;cucumber.framework.page.siloam.LoginPage.msgErrorEmpty()&quot; is null" type="java.lang.NullPointerException">
      <![CDATA[java.lang.NullPointerException: Cannot invoke "String.contains(java.lang.CharSequence)" because the return value of "cucumber.framework.page.siloam.LoginPage.msgErrorEmpty()" is null
at cucumber.framework.runner.siloam.loginadmin.TestAdminLoginInvalidEmpty.siloam015_validasi_pesan_pada_halaman_login(TestAdminLoginInvalidEmpty.java:49)
at ✽.Siloam015 Validasi pesan pada halaman login(file:///C:/Users/NEXSOFT/Documents/Project/TA_SQA/JuaraCoding/Alamanda/TA-SQUAD-ACF/TA-SQUAD-ACF/src/test/resources/features/siloam/015InvalidAdminLoginEmpty.feature:13)
]]>
    </error>
  </testcase> <!-- runScenario -->
  <system-out/>
  <testcase classname="cucumber.framework.runner.siloam.loginadmin.AdminLoginOutlineRunner" name="runScenario" time="2.034">
    <error message="Cannot invoke &quot;String.contains(java.lang.CharSequence)&quot; because the return value of &quot;cucumber.framework.page.siloam.LoginPage.msgErrorEmpty()&quot; is null" type="java.lang.NullPointerException">
      <![CDATA[java.lang.NullPointerException: Cannot invoke "String.contains(java.lang.CharSequence)" because the return value of "cucumber.framework.page.siloam.LoginPage.msgErrorEmpty()" is null
at cucumber.framework.runner.siloam.loginadmin.TestAdminLoginInvalidEmpty.siloam015_validasi_pesan_pada_halaman_login(TestAdminLoginInvalidEmpty.java:49)
at ✽.Siloam015 Validasi pesan pada halaman login(file:///C:/Users/NEXSOFT/Documents/Project/TA_SQA/JuaraCoding/Alamanda/TA-SQUAD-ACF/TA-SQUAD-ACF/src/test/resources/features/siloam/015InvalidAdminLoginEmpty.feature:13)
]]>
    </error>
  </testcase> <!-- runScenario -->
  <system-out/>
  <testcase classname="cucumber.framework.runner.siloam.loginadmin.AdminLoginOutlineRunner" name="runScenario" time="2.093">
    <error message="Cannot invoke &quot;String.contains(java.lang.CharSequence)&quot; because the return value of &quot;cucumber.framework.page.siloam.LoginPage.msgErrorEmpty()&quot; is null" type="java.lang.NullPointerException">
      <![CDATA[java.lang.NullPointerException: Cannot invoke "String.contains(java.lang.CharSequence)" because the return value of "cucumber.framework.page.siloam.LoginPage.msgErrorEmpty()" is null
at cucumber.framework.runner.siloam.loginadmin.TestAdminLoginInvalidEmpty.siloam015_validasi_pesan_pada_halaman_login(TestAdminLoginInvalidEmpty.java:49)
at ✽.Siloam015 Validasi pesan pada halaman login(file:///C:/Users/NEXSOFT/Documents/Project/TA_SQA/JuaraCoding/Alamanda/TA-SQUAD-ACF/TA-SQUAD-ACF/src/test/resources/features/siloam/015InvalidAdminLoginEmpty.feature:13)
]]>
    </error>
  </testcase> <!-- runScenario -->
  <system-out/>
</testsuite> <!-- cucumber.framework.runner.siloam.loginadmin.AdminLoginOutlineRunner -->
