<?xml version="1.0" encoding="UTF-8"?>
<!-- Generated by org.testng.reporters.JUnitReportReporter -->
<testsuite hostname="DESKTOP-RFC9575" failures="0" tests="5" name="cucumber.framework.runner.siloam.login.LoginOutlineRunner" time="6.310" errors="0" timestamp="2022-09-30T14:09:32 WIB" skipped="0">
  <testcase classname="cucumber.framework.runner.siloam.login.LoginOutlineRunner" name="runScenario" time="0.441"/>
  <system-out/>
  <testcase classname="cucumber.framework.runner.siloam.login.LoginOutlineRunner" name="runScenario" time="4.349"/>
  <system-out/>
  <testcase classname="cucumber.framework.runner.siloam.login.LoginOutlineRunner" name="runScenario" time="0.537"/>
  <system-out/>
  <testcase classname="cucumber.framework.runner.siloam.login.LoginOutlineRunner" name="runScenario" time="0.518"/>
  <system-out/>
  <testcase classname="cucumber.framework.runner.siloam.login.LoginOutlineRunner" name="runScenario" time="0.465"/>
  <system-out/>
</testsuite> <!-- cucumber.framework.runner.siloam.login.LoginOutlineRunner -->
