<?xml version="1.0" encoding="UTF-8"?>
<!-- Generated by org.testng.reporters.JUnitReportReporter -->
<testsuite hostname="DESKTOP-RFC9575" failures="64" tests="166" name="cucumber.framework.runner.siloam.ttddigital.TandaTanganDigitalOutlineRunner" time="633.226" errors="0" timestamp="2022-10-05T13:35:59 WIB" skipped="0">
  <testcase classname="cucumber.framework.runner.siloam.ttddigital.TandaTanganDigitalOutlineRunner" name="runScenario" time="7.330"/>
  <system-out/>
  <testcase classname="cucumber.framework.runner.siloam.ttddigital.TandaTanganDigitalOutlineRunner" name="runScenario" time="2.034"/>
  <system-out/>
  <testcase classname="cucumber.framework.runner.siloam.ttddigital.TandaTanganDigitalOutlineRunner" name="runScenario" time="27.394"/>
  <system-out/>
  <testcase classname="cucumber.framework.runner.siloam.ttddigital.TandaTanganDigitalOutlineRunner" name="runScenario" time="2.883"/>
  <system-out/>
  <testcase classname="cucumber.framework.runner.siloam.ttddigital.TandaTanganDigitalOutlineRunner" name="runScenario" time="2.637">
    <failure message="expected [Alamanda] but found [ADIT TEST]" type="java.lang.AssertionError">
      <![CDATA[java.lang.AssertionError: expected [Alamanda] but found [ADIT TEST]
at org.testng.Assert.fail(Assert.java:110)
at org.testng.Assert.failNotEquals(Assert.java:1413)
at org.testng.Assert.assertEqualsImpl(Assert.java:149)
at org.testng.Assert.assertEquals(Assert.java:131)
at org.testng.Assert.assertEquals(Assert.java:655)
at org.testng.Assert.assertEquals(Assert.java:665)
at cucumber.framework.runner.siloam.ttddigital.TestTTDPageKombinasiTiga.siloam110_validasi_data_tersimpan_dan_form_ter_update(TestTTDPageKombinasiTiga.java:155)
at ✽.Siloam110 Validasi Data tersimpan dan form ter-update(file:///C:/Users/NEXSOFT/Documents/Project/TA_SQA/JuaraCoding/Alamanda/TA-SQUAD-ACF/TA-SQUAD-ACF/src/test/resources/features/siloam/110UpdateDataSalesTigaKombinasi.feature:16)
]]>
    </failure>
  </testcase> <!-- runScenario -->
  <system-out/>
  <testcase classname="cucumber.framework.runner.siloam.ttddigital.TandaTanganDigitalOutlineRunner" name="runScenario" time="2.311">
    <failure message="expected [Alamanda] but found [ADIT TEST]" type="java.lang.AssertionError">
      <![CDATA[java.lang.AssertionError: expected [Alamanda] but found [ADIT TEST]
at org.testng.Assert.fail(Assert.java:110)
at org.testng.Assert.failNotEquals(Assert.java:1413)
at org.testng.Assert.assertEqualsImpl(Assert.java:149)
at org.testng.Assert.assertEquals(Assert.java:131)
at org.testng.Assert.assertEquals(Assert.java:655)
at org.testng.Assert.assertEquals(Assert.java:665)
at cucumber.framework.runner.siloam.ttddigital.TestTTDPageKombinasiTiga.siloam110_validasi_data_tersimpan_dan_form_ter_update(TestTTDPageKombinasiTiga.java:155)
at ✽.Siloam110 Validasi Data tersimpan dan form ter-update(file:///C:/Users/NEXSOFT/Documents/Project/TA_SQA/JuaraCoding/Alamanda/TA-SQUAD-ACF/TA-SQUAD-ACF/src/test/resources/features/siloam/110UpdateDataSalesTigaKombinasi.feature:16)
]]>
    </failure>
  </testcase> <!-- runScenario -->
  <system-out/>
  <testcase classname="cucumber.framework.runner.siloam.ttddigital.TandaTanganDigitalOutlineRunner" name="runScenario" time="3.203">
    <failure message="expected [Alamanda] but found [ADIT TEST]" type="java.lang.AssertionError">
      <![CDATA[java.lang.AssertionError: expected [Alamanda] but found [ADIT TEST]
at org.testng.Assert.fail(Assert.java:110)
at org.testng.Assert.failNotEquals(Assert.java:1413)
at org.testng.Assert.assertEqualsImpl(Assert.java:149)
at org.testng.Assert.assertEquals(Assert.java:131)
at org.testng.Assert.assertEquals(Assert.java:655)
at org.testng.Assert.assertEquals(Assert.java:665)
at cucumber.framework.runner.siloam.ttddigital.TestTTDPageKombinasiDua.siloam105_validasi_data_tersimpan_dan_form_ter_update(TestTTDPageKombinasiDua.java:133)
at ✽.Siloam105 Validasi Data tersimpan dan form ter-update(file:///C:/Users/NEXSOFT/Documents/Project/TA_SQA/JuaraCoding/Alamanda/TA-SQUAD-ACF/TA-SQUAD-ACF/src/test/resources/features/siloam/105UpdateDataSalesDuaKombinasi.feature:17)
]]>
    </failure>
  </testcase> <!-- runScenario -->
  <system-out/>
  <testcase classname="cucumber.framework.runner.siloam.ttddigital.TandaTanganDigitalOutlineRunner" name="runScenario" time="2.781">
    <failure message="expected [Alamanda] but found [ADIT TEST]" type="java.lang.AssertionError">
      <![CDATA[java.lang.AssertionError: expected [Alamanda] but found [ADIT TEST]
at org.testng.Assert.fail(Assert.java:110)
at org.testng.Assert.failNotEquals(Assert.java:1413)
at org.testng.Assert.assertEqualsImpl(Assert.java:149)
at org.testng.Assert.assertEquals(Assert.java:131)
at org.testng.Assert.assertEquals(Assert.java:655)
at org.testng.Assert.assertEquals(Assert.java:665)
at cucumber.framework.runner.siloam.ttddigital.TestTTDPageKombinasiTiga.siloam110_validasi_data_tersimpan_dan_form_ter_update(TestTTDPageKombinasiTiga.java:155)
at ✽.Siloam110 Validasi Data tersimpan dan form ter-update(file:///C:/Users/NEXSOFT/Documents/Project/TA_SQA/JuaraCoding/Alamanda/TA-SQUAD-ACF/TA-SQUAD-ACF/src/test/resources/features/siloam/110UpdateDataSalesTigaKombinasi.feature:16)
]]>
    </failure>
  </testcase> <!-- runScenario -->
  <system-out/>
  <testcase classname="cucumber.framework.runner.siloam.ttddigital.TandaTanganDigitalOutlineRunner" name="runScenario" time="2.535"/>
  <system-out/>
  <testcase classname="cucumber.framework.runner.siloam.ttddigital.TandaTanganDigitalOutlineRunner" name="runScenario" time="2.780">
    <failure message="expected [Alamanda] but found [ADIT TEST]" type="java.lang.AssertionError">
      <![CDATA[java.lang.AssertionError: expected [Alamanda] but found [ADIT TEST]
at org.testng.Assert.fail(Assert.java:110)
at org.testng.Assert.failNotEquals(Assert.java:1413)
at org.testng.Assert.assertEqualsImpl(Assert.java:149)
at org.testng.Assert.assertEquals(Assert.java:131)
at org.testng.Assert.assertEquals(Assert.java:655)
at org.testng.Assert.assertEquals(Assert.java:665)
at cucumber.framework.runner.siloam.ttddigital.TestTTDPageKombinasiDua.siloam105_validasi_data_tersimpan_dan_form_ter_update(TestTTDPageKombinasiDua.java:133)
at ✽.Siloam105 Validasi Data tersimpan dan form ter-update(file:///C:/Users/NEXSOFT/Documents/Project/TA_SQA/JuaraCoding/Alamanda/TA-SQUAD-ACF/TA-SQUAD-ACF/src/test/resources/features/siloam/105UpdateDataSalesDuaKombinasi.feature:17)
]]>
    </failure>
  </testcase> <!-- runScenario -->
  <system-out/>
  <testcase classname="cucumber.framework.runner.siloam.ttddigital.TandaTanganDigitalOutlineRunner" name="runScenario" time="2.928">
    <failure message="expected [Alamanda] but found [ADIT TEST]" type="java.lang.AssertionError">
      <![CDATA[java.lang.AssertionError: expected [Alamanda] but found [ADIT TEST]
at org.testng.Assert.fail(Assert.java:110)
at org.testng.Assert.failNotEquals(Assert.java:1413)
at org.testng.Assert.assertEqualsImpl(Assert.java:149)
at org.testng.Assert.assertEquals(Assert.java:131)
at org.testng.Assert.assertEquals(Assert.java:655)
at org.testng.Assert.assertEquals(Assert.java:665)
at cucumber.framework.runner.siloam.ttddigital.TestTTDPageKombinasiEmpat.siloam115_validasi_data_tersimpan_dan_form_ter_update(TestTTDPageKombinasiEmpat.java:127)
at ✽.Siloam115 Validasi Data tersimpan dan form ter-update(file:///C:/Users/NEXSOFT/Documents/Project/TA_SQA/JuaraCoding/Alamanda/TA-SQUAD-ACF/TA-SQUAD-ACF/src/test/resources/features/siloam/115UpdateDataSalesEmpatKombinasi.feature:16)
]]>
    </failure>
  </testcase> <!-- runScenario -->
  <system-out/>
  <testcase classname="cucumber.framework.runner.siloam.ttddigital.TandaTanganDigitalOutlineRunner" name="runScenario" time="2.798"/>
  <system-out/>
  <testcase classname="cucumber.framework.runner.siloam.ttddigital.TandaTanganDigitalOutlineRunner" name="runScenario" time="3.127">
    <failure message="expected [Alamanda] but found [ADIT TEST]" type="java.lang.AssertionError">
      <![CDATA[java.lang.AssertionError: expected [Alamanda] but found [ADIT TEST]
at org.testng.Assert.fail(Assert.java:110)
at org.testng.Assert.failNotEquals(Assert.java:1413)
at org.testng.Assert.assertEqualsImpl(Assert.java:149)
at org.testng.Assert.assertEquals(Assert.java:131)
at org.testng.Assert.assertEquals(Assert.java:655)
at org.testng.Assert.assertEquals(Assert.java:665)
at cucumber.framework.runner.siloam.ttddigital.TestTTDPageKombinasiEmpat.siloam115_validasi_data_tersimpan_dan_form_ter_update(TestTTDPageKombinasiEmpat.java:127)
at ✽.Siloam115 Validasi Data tersimpan dan form ter-update(file:///C:/Users/NEXSOFT/Documents/Project/TA_SQA/JuaraCoding/Alamanda/TA-SQUAD-ACF/TA-SQUAD-ACF/src/test/resources/features/siloam/115UpdateDataSalesEmpatKombinasi.feature:16)
]]>
    </failure>
  </testcase> <!-- runScenario -->
  <system-out/>
  <testcase classname="cucumber.framework.runner.siloam.ttddigital.TandaTanganDigitalOutlineRunner" name="runScenario" time="4.156">
    <failure message="expected [Alamanda] but found [ADIT TEST]" type="java.lang.AssertionError">
      <![CDATA[java.lang.AssertionError: expected [Alamanda] but found [ADIT TEST]
at org.testng.Assert.fail(Assert.java:110)
at org.testng.Assert.failNotEquals(Assert.java:1413)
at org.testng.Assert.assertEqualsImpl(Assert.java:149)
at org.testng.Assert.assertEquals(Assert.java:131)
at org.testng.Assert.assertEquals(Assert.java:655)
at org.testng.Assert.assertEquals(Assert.java:665)
at cucumber.framework.runner.siloam.ttddigital.TestTTDPageKombinasiEmpat.siloam115_validasi_data_tersimpan_dan_form_ter_update(TestTTDPageKombinasiEmpat.java:127)
at ✽.Siloam115 Validasi Data tersimpan dan form ter-update(file:///C:/Users/NEXSOFT/Documents/Project/TA_SQA/JuaraCoding/Alamanda/TA-SQUAD-ACF/TA-SQUAD-ACF/src/test/resources/features/siloam/115UpdateDataSalesEmpatKombinasi.feature:16)
]]>
    </failure>
  </testcase> <!-- runScenario -->
  <system-out/>
  <testcase classname="cucumber.framework.runner.siloam.ttddigital.TandaTanganDigitalOutlineRunner" name="runScenario" time="4.757"/>
  <system-out/>
  <testcase classname="cucumber.framework.runner.siloam.ttddigital.TandaTanganDigitalOutlineRunner" name="runScenario" time="2.916">
    <failure message="expected [Alamanda] but found [ADIT TEST]" type="java.lang.AssertionError">
      <![CDATA[java.lang.AssertionError: expected [Alamanda] but found [ADIT TEST]
at org.testng.Assert.fail(Assert.java:110)
at org.testng.Assert.failNotEquals(Assert.java:1413)
at org.testng.Assert.assertEqualsImpl(Assert.java:149)
at org.testng.Assert.assertEquals(Assert.java:131)
at org.testng.Assert.assertEquals(Assert.java:655)
at org.testng.Assert.assertEquals(Assert.java:665)
at cucumber.framework.runner.siloam.ttddigital.TestTTDPageKombinasiDua.siloam105_validasi_data_tersimpan_dan_form_ter_update(TestTTDPageKombinasiDua.java:133)
at ✽.Siloam105 Validasi Data tersimpan dan form ter-update(file:///C:/Users/NEXSOFT/Documents/Project/TA_SQA/JuaraCoding/Alamanda/TA-SQUAD-ACF/TA-SQUAD-ACF/src/test/resources/features/siloam/105UpdateDataSalesDuaKombinasi.feature:17)
]]>
    </failure>
  </testcase> <!-- runScenario -->
  <system-out/>
  <testcase classname="cucumber.framework.runner.siloam.ttddigital.TandaTanganDigitalOutlineRunner" name="runScenario" time="2.867">
    <failure message="expected [Alamanda] but found [ADIT TEST]" type="java.lang.AssertionError">
      <![CDATA[java.lang.AssertionError: expected [Alamanda] but found [ADIT TEST]
at org.testng.Assert.fail(Assert.java:110)
at org.testng.Assert.failNotEquals(Assert.java:1413)
at org.testng.Assert.assertEqualsImpl(Assert.java:149)
at org.testng.Assert.assertEquals(Assert.java:131)
at org.testng.Assert.assertEquals(Assert.java:655)
at org.testng.Assert.assertEquals(Assert.java:665)
at cucumber.framework.runner.siloam.ttddigital.TestTTDPageKombinasiTiga.siloam110_validasi_data_tersimpan_dan_form_ter_update(TestTTDPageKombinasiTiga.java:155)
at ✽.Siloam110 Validasi Data tersimpan dan form ter-update(file:///C:/Users/NEXSOFT/Documents/Project/TA_SQA/JuaraCoding/Alamanda/TA-SQUAD-ACF/TA-SQUAD-ACF/src/test/resources/features/siloam/110UpdateDataSalesTigaKombinasi.feature:16)
]]>
    </failure>
  </testcase> <!-- runScenario -->
  <system-out/>
  <testcase classname="cucumber.framework.runner.siloam.ttddigital.TandaTanganDigitalOutlineRunner" name="runScenario" time="2.542"/>
  <system-out/>
  <testcase classname="cucumber.framework.runner.siloam.ttddigital.TandaTanganDigitalOutlineRunner" name="runScenario" time="2.632">
    <failure message="expected [Alamanda] but found [ADIT TEST]" type="java.lang.AssertionError">
      <![CDATA[java.lang.AssertionError: expected [Alamanda] but found [ADIT TEST]
at org.testng.Assert.fail(Assert.java:110)
at org.testng.Assert.failNotEquals(Assert.java:1413)
at org.testng.Assert.assertEqualsImpl(Assert.java:149)
at org.testng.Assert.assertEquals(Assert.java:131)
at org.testng.Assert.assertEquals(Assert.java:655)
at org.testng.Assert.assertEquals(Assert.java:665)
at cucumber.framework.runner.siloam.ttddigital.TestTTDPageKombinasiTiga.siloam110_validasi_data_tersimpan_dan_form_ter_update(TestTTDPageKombinasiTiga.java:155)
at ✽.Siloam110 Validasi Data tersimpan dan form ter-update(file:///C:/Users/NEXSOFT/Documents/Project/TA_SQA/JuaraCoding/Alamanda/TA-SQUAD-ACF/TA-SQUAD-ACF/src/test/resources/features/siloam/110UpdateDataSalesTigaKombinasi.feature:16)
]]>
    </failure>
  </testcase> <!-- runScenario -->
  <system-out/>
  <testcase classname="cucumber.framework.runner.siloam.ttddigital.TandaTanganDigitalOutlineRunner" name="runScenario" time="2.096"/>
  <system-out/>
  <testcase classname="cucumber.framework.runner.siloam.ttddigital.TandaTanganDigitalOutlineRunner" name="runScenario" time="2.867">
    <failure message="expected [Alamanda] but found [ADIT TEST]" type="java.lang.AssertionError">
      <![CDATA[java.lang.AssertionError: expected [Alamanda] but found [ADIT TEST]
at org.testng.Assert.fail(Assert.java:110)
at org.testng.Assert.failNotEquals(Assert.java:1413)
at org.testng.Assert.assertEqualsImpl(Assert.java:149)
at org.testng.Assert.assertEquals(Assert.java:131)
at org.testng.Assert.assertEquals(Assert.java:655)
at org.testng.Assert.assertEquals(Assert.java:665)
at cucumber.framework.runner.siloam.ttddigital.TestTTDPageKombinasiTiga.siloam110_validasi_data_tersimpan_dan_form_ter_update(TestTTDPageKombinasiTiga.java:155)
at ✽.Siloam110 Validasi Data tersimpan dan form ter-update(file:///C:/Users/NEXSOFT/Documents/Project/TA_SQA/JuaraCoding/Alamanda/TA-SQUAD-ACF/TA-SQUAD-ACF/src/test/resources/features/siloam/110UpdateDataSalesTigaKombinasi.feature:16)
]]>
    </failure>
  </testcase> <!-- runScenario -->
  <system-out/>
  <testcase classname="cucumber.framework.runner.siloam.ttddigital.TandaTanganDigitalOutlineRunner" name="runScenario" time="8.327">
    <failure message="expected [Alamanda] but found [ADIT TEST]" type="java.lang.AssertionError">
      <![CDATA[java.lang.AssertionError: expected [Alamanda] but found [ADIT TEST]
at org.testng.Assert.fail(Assert.java:110)
at org.testng.Assert.failNotEquals(Assert.java:1413)
at org.testng.Assert.assertEqualsImpl(Assert.java:149)
at org.testng.Assert.assertEquals(Assert.java:131)
at org.testng.Assert.assertEquals(Assert.java:655)
at org.testng.Assert.assertEquals(Assert.java:665)
at cucumber.framework.runner.siloam.ttddigital.TestTTDPageKombinasiEmpat.siloam115_validasi_data_tersimpan_dan_form_ter_update(TestTTDPageKombinasiEmpat.java:127)
at ✽.Siloam115 Validasi Data tersimpan dan form ter-update(file:///C:/Users/NEXSOFT/Documents/Project/TA_SQA/JuaraCoding/Alamanda/TA-SQUAD-ACF/TA-SQUAD-ACF/src/test/resources/features/siloam/115UpdateDataSalesEmpatKombinasi.feature:16)
]]>
    </failure>
  </testcase> <!-- runScenario -->
  <system-out/>
  <testcase classname="cucumber.framework.runner.siloam.ttddigital.TandaTanganDigitalOutlineRunner" name="runScenario" time="3.342"/>
  <system-out/>
  <testcase classname="cucumber.framework.runner.siloam.ttddigital.TandaTanganDigitalOutlineRunner" name="runScenario" time="3.858"/>
  <system-out/>
  <testcase classname="cucumber.framework.runner.siloam.ttddigital.TandaTanganDigitalOutlineRunner" name="runScenario" time="3.343"/>
  <system-out/>
  <testcase classname="cucumber.framework.runner.siloam.ttddigital.TandaTanganDigitalOutlineRunner" name="runScenario" time="2.691"/>
  <system-out/>
  <testcase classname="cucumber.framework.runner.siloam.ttddigital.TandaTanganDigitalOutlineRunner" name="runScenario" time="2.349">
    <failure message="expected [Alamanda] but found [ADIT TEST]" type="java.lang.AssertionError">
      <![CDATA[java.lang.AssertionError: expected [Alamanda] but found [ADIT TEST]
at org.testng.Assert.fail(Assert.java:110)
at org.testng.Assert.failNotEquals(Assert.java:1413)
at org.testng.Assert.assertEqualsImpl(Assert.java:149)
at org.testng.Assert.assertEquals(Assert.java:131)
at org.testng.Assert.assertEquals(Assert.java:655)
at org.testng.Assert.assertEquals(Assert.java:665)
at cucumber.framework.runner.siloam.ttddigital.TestTTDPageKombinasiEmpat.siloam115_validasi_data_tersimpan_dan_form_ter_update(TestTTDPageKombinasiEmpat.java:127)
at ✽.Siloam115 Validasi Data tersimpan dan form ter-update(file:///C:/Users/NEXSOFT/Documents/Project/TA_SQA/JuaraCoding/Alamanda/TA-SQUAD-ACF/TA-SQUAD-ACF/src/test/resources/features/siloam/115UpdateDataSalesEmpatKombinasi.feature:16)
]]>
    </failure>
  </testcase> <!-- runScenario -->
  <system-out/>
  <testcase classname="cucumber.framework.runner.siloam.ttddigital.TandaTanganDigitalOutlineRunner" name="runScenario" time="2.336"/>
  <system-out/>
  <testcase classname="cucumber.framework.runner.siloam.ttddigital.TandaTanganDigitalOutlineRunner" name="runScenario" time="3.422"/>
  <system-out/>
  <testcase classname="cucumber.framework.runner.siloam.ttddigital.TandaTanganDigitalOutlineRunner" name="runScenario" time="2.714">
    <failure message="expected [Alamanda] but found [ADIT TEST]" type="java.lang.AssertionError">
      <![CDATA[java.lang.AssertionError: expected [Alamanda] but found [ADIT TEST]
at org.testng.Assert.fail(Assert.java:110)
at org.testng.Assert.failNotEquals(Assert.java:1413)
at org.testng.Assert.assertEqualsImpl(Assert.java:149)
at org.testng.Assert.assertEquals(Assert.java:131)
at org.testng.Assert.assertEquals(Assert.java:655)
at org.testng.Assert.assertEquals(Assert.java:665)
at cucumber.framework.runner.siloam.ttddigital.TestTTDPageKombinasiTiga.siloam110_validasi_data_tersimpan_dan_form_ter_update(TestTTDPageKombinasiTiga.java:155)
at ✽.Siloam110 Validasi Data tersimpan dan form ter-update(file:///C:/Users/NEXSOFT/Documents/Project/TA_SQA/JuaraCoding/Alamanda/TA-SQUAD-ACF/TA-SQUAD-ACF/src/test/resources/features/siloam/110UpdateDataSalesTigaKombinasi.feature:16)
]]>
    </failure>
  </testcase> <!-- runScenario -->
  <system-out/>
  <testcase classname="cucumber.framework.runner.siloam.ttddigital.TandaTanganDigitalOutlineRunner" name="runScenario" time="2.592">
    <failure message="expected [Alamanda] but found [ADIT TEST]" type="java.lang.AssertionError">
      <![CDATA[java.lang.AssertionError: expected [Alamanda] but found [ADIT TEST]
at org.testng.Assert.fail(Assert.java:110)
at org.testng.Assert.failNotEquals(Assert.java:1413)
at org.testng.Assert.assertEqualsImpl(Assert.java:149)
at org.testng.Assert.assertEquals(Assert.java:131)
at org.testng.Assert.assertEquals(Assert.java:655)
at org.testng.Assert.assertEquals(Assert.java:665)
at cucumber.framework.runner.siloam.ttddigital.TestTTDPageKombinasiEmpat.siloam115_validasi_data_tersimpan_dan_form_ter_update(TestTTDPageKombinasiEmpat.java:127)
at ✽.Siloam115 Validasi Data tersimpan dan form ter-update(file:///C:/Users/NEXSOFT/Documents/Project/TA_SQA/JuaraCoding/Alamanda/TA-SQUAD-ACF/TA-SQUAD-ACF/src/test/resources/features/siloam/115UpdateDataSalesEmpatKombinasi.feature:16)
]]>
    </failure>
  </testcase> <!-- runScenario -->
  <system-out/>
  <testcase classname="cucumber.framework.runner.siloam.ttddigital.TandaTanganDigitalOutlineRunner" name="runScenario" time="2.312"/>
  <system-out/>
  <testcase classname="cucumber.framework.runner.siloam.ttddigital.TandaTanganDigitalOutlineRunner" name="runScenario" time="2.811"/>
  <system-out/>
  <testcase classname="cucumber.framework.runner.siloam.ttddigital.TandaTanganDigitalOutlineRunner" name="runScenario" time="2.534"/>
  <system-out/>
  <testcase classname="cucumber.framework.runner.siloam.ttddigital.TandaTanganDigitalOutlineRunner" name="runScenario" time="2.114"/>
  <system-out/>
  <testcase classname="cucumber.framework.runner.siloam.ttddigital.TandaTanganDigitalOutlineRunner" name="runScenario" time="3.110"/>
  <system-out/>
  <testcase classname="cucumber.framework.runner.siloam.ttddigital.TandaTanganDigitalOutlineRunner" name="runScenario" time="3.879"/>
  <system-out/>
  <testcase classname="cucumber.framework.runner.siloam.ttddigital.TandaTanganDigitalOutlineRunner" name="runScenario" time="4.708"/>
  <system-out/>
  <testcase classname="cucumber.framework.runner.siloam.ttddigital.TandaTanganDigitalOutlineRunner" name="runScenario" time="1.684"/>
  <system-out/>
  <testcase classname="cucumber.framework.runner.siloam.ttddigital.TandaTanganDigitalOutlineRunner" name="runScenario" time="2.108">
    <failure message="expected [Alamanda] but found [ADIT TEST]" type="java.lang.AssertionError">
      <![CDATA[java.lang.AssertionError: expected [Alamanda] but found [ADIT TEST]
at org.testng.Assert.fail(Assert.java:110)
at org.testng.Assert.failNotEquals(Assert.java:1413)
at org.testng.Assert.assertEqualsImpl(Assert.java:149)
at org.testng.Assert.assertEquals(Assert.java:131)
at org.testng.Assert.assertEquals(Assert.java:655)
at org.testng.Assert.assertEquals(Assert.java:665)
at cucumber.framework.runner.siloam.ttddigital.TestTTDPageKombinasiTiga.siloam110_validasi_data_tersimpan_dan_form_ter_update(TestTTDPageKombinasiTiga.java:155)
at ✽.Siloam110 Validasi Data tersimpan dan form ter-update(file:///C:/Users/NEXSOFT/Documents/Project/TA_SQA/JuaraCoding/Alamanda/TA-SQUAD-ACF/TA-SQUAD-ACF/src/test/resources/features/siloam/110UpdateDataSalesTigaKombinasi.feature:16)
]]>
    </failure>
  </testcase> <!-- runScenario -->
  <system-out/>
  <testcase classname="cucumber.framework.runner.siloam.ttddigital.TandaTanganDigitalOutlineRunner" name="runScenario" time="2.088"/>
  <system-out/>
  <testcase classname="cucumber.framework.runner.siloam.ttddigital.TandaTanganDigitalOutlineRunner" name="runScenario" time="2.545"/>
  <system-out/>
  <testcase classname="cucumber.framework.runner.siloam.ttddigital.TandaTanganDigitalOutlineRunner" name="runScenario" time="2.421">
    <failure message="expected [Alamanda] but found [ADIT TEST]" type="java.lang.AssertionError">
      <![CDATA[java.lang.AssertionError: expected [Alamanda] but found [ADIT TEST]
at org.testng.Assert.fail(Assert.java:110)
at org.testng.Assert.failNotEquals(Assert.java:1413)
at org.testng.Assert.assertEqualsImpl(Assert.java:149)
at org.testng.Assert.assertEquals(Assert.java:131)
at org.testng.Assert.assertEquals(Assert.java:655)
at org.testng.Assert.assertEquals(Assert.java:665)
at cucumber.framework.runner.siloam.ttddigital.TestTTDPageKombinasiTiga.siloam110_validasi_data_tersimpan_dan_form_ter_update(TestTTDPageKombinasiTiga.java:155)
at ✽.Siloam110 Validasi Data tersimpan dan form ter-update(file:///C:/Users/NEXSOFT/Documents/Project/TA_SQA/JuaraCoding/Alamanda/TA-SQUAD-ACF/TA-SQUAD-ACF/src/test/resources/features/siloam/110UpdateDataSalesTigaKombinasi.feature:16)
]]>
    </failure>
  </testcase> <!-- runScenario -->
  <system-out/>
  <testcase classname="cucumber.framework.runner.siloam.ttddigital.TandaTanganDigitalOutlineRunner" name="runScenario" time="2.891">
    <failure message="expected [Alamanda] but found [ADIT TEST]" type="java.lang.AssertionError">
      <![CDATA[java.lang.AssertionError: expected [Alamanda] but found [ADIT TEST]
at org.testng.Assert.fail(Assert.java:110)
at org.testng.Assert.failNotEquals(Assert.java:1413)
at org.testng.Assert.assertEqualsImpl(Assert.java:149)
at org.testng.Assert.assertEquals(Assert.java:131)
at org.testng.Assert.assertEquals(Assert.java:655)
at org.testng.Assert.assertEquals(Assert.java:665)
at cucumber.framework.runner.siloam.ttddigital.TestTTDPageKombinasiEmpat.siloam115_validasi_data_tersimpan_dan_form_ter_update(TestTTDPageKombinasiEmpat.java:127)
at ✽.Siloam115 Validasi Data tersimpan dan form ter-update(file:///C:/Users/NEXSOFT/Documents/Project/TA_SQA/JuaraCoding/Alamanda/TA-SQUAD-ACF/TA-SQUAD-ACF/src/test/resources/features/siloam/115UpdateDataSalesEmpatKombinasi.feature:16)
]]>
    </failure>
  </testcase> <!-- runScenario -->
  <system-out/>
  <testcase classname="cucumber.framework.runner.siloam.ttddigital.TandaTanganDigitalOutlineRunner" name="runScenario" time="2.467">
    <failure message="expected [Alamanda] but found [ADIT TEST]" type="java.lang.AssertionError">
      <![CDATA[java.lang.AssertionError: expected [Alamanda] but found [ADIT TEST]
at org.testng.Assert.fail(Assert.java:110)
at org.testng.Assert.failNotEquals(Assert.java:1413)
at org.testng.Assert.assertEqualsImpl(Assert.java:149)
at org.testng.Assert.assertEquals(Assert.java:131)
at org.testng.Assert.assertEquals(Assert.java:655)
at org.testng.Assert.assertEquals(Assert.java:665)
at cucumber.framework.runner.siloam.ttddigital.TestTTDPageKombinasiEmpat.siloam115_validasi_data_tersimpan_dan_form_ter_update(TestTTDPageKombinasiEmpat.java:127)
at ✽.Siloam115 Validasi Data tersimpan dan form ter-update(file:///C:/Users/NEXSOFT/Documents/Project/TA_SQA/JuaraCoding/Alamanda/TA-SQUAD-ACF/TA-SQUAD-ACF/src/test/resources/features/siloam/115UpdateDataSalesEmpatKombinasi.feature:16)
]]>
    </failure>
  </testcase> <!-- runScenario -->
  <system-out/>
  <testcase classname="cucumber.framework.runner.siloam.ttddigital.TandaTanganDigitalOutlineRunner" name="runScenario" time="3.067"/>
  <system-out/>
  <testcase classname="cucumber.framework.runner.siloam.ttddigital.TandaTanganDigitalOutlineRunner" name="runScenario" time="3.890"/>
  <system-out/>
  <testcase classname="cucumber.framework.runner.siloam.ttddigital.TandaTanganDigitalOutlineRunner" name="runScenario" time="3.838"/>
  <system-out/>
  <testcase classname="cucumber.framework.runner.siloam.ttddigital.TandaTanganDigitalOutlineRunner" name="runScenario" time="3.162"/>
  <system-out/>
  <testcase classname="cucumber.framework.runner.siloam.ttddigital.TandaTanganDigitalOutlineRunner" name="runScenario" time="3.158"/>
  <system-out/>
  <testcase classname="cucumber.framework.runner.siloam.ttddigital.TandaTanganDigitalOutlineRunner" name="runScenario" time="2.651">
    <failure message="expected [Alamanda] but found [ADIT TEST]" type="java.lang.AssertionError">
      <![CDATA[java.lang.AssertionError: expected [Alamanda] but found [ADIT TEST]
at org.testng.Assert.fail(Assert.java:110)
at org.testng.Assert.failNotEquals(Assert.java:1413)
at org.testng.Assert.assertEqualsImpl(Assert.java:149)
at org.testng.Assert.assertEquals(Assert.java:131)
at org.testng.Assert.assertEquals(Assert.java:655)
at org.testng.Assert.assertEquals(Assert.java:665)
at cucumber.framework.runner.siloam.ttddigital.TestTTDPageKombinasiEmpat.siloam115_validasi_data_tersimpan_dan_form_ter_update(TestTTDPageKombinasiEmpat.java:127)
at ✽.Siloam115 Validasi Data tersimpan dan form ter-update(file:///C:/Users/NEXSOFT/Documents/Project/TA_SQA/JuaraCoding/Alamanda/TA-SQUAD-ACF/TA-SQUAD-ACF/src/test/resources/features/siloam/115UpdateDataSalesEmpatKombinasi.feature:16)
]]>
    </failure>
  </testcase> <!-- runScenario -->
  <system-out/>
  <testcase classname="cucumber.framework.runner.siloam.ttddigital.TandaTanganDigitalOutlineRunner" name="runScenario" time="2.574"/>
  <system-out/>
  <testcase classname="cucumber.framework.runner.siloam.ttddigital.TandaTanganDigitalOutlineRunner" name="runScenario" time="5.111">
    <failure message="expected [Alamanda] but found [ADIT TEST]" type="java.lang.AssertionError">
      <![CDATA[java.lang.AssertionError: expected [Alamanda] but found [ADIT TEST]
at org.testng.Assert.fail(Assert.java:110)
at org.testng.Assert.failNotEquals(Assert.java:1413)
at org.testng.Assert.assertEqualsImpl(Assert.java:149)
at org.testng.Assert.assertEquals(Assert.java:131)
at org.testng.Assert.assertEquals(Assert.java:655)
at org.testng.Assert.assertEquals(Assert.java:665)
at cucumber.framework.runner.siloam.ttddigital.TestTTDPageKombinasiEmpat.siloam115_validasi_data_tersimpan_dan_form_ter_update(TestTTDPageKombinasiEmpat.java:127)
at ✽.Siloam115 Validasi Data tersimpan dan form ter-update(file:///C:/Users/NEXSOFT/Documents/Project/TA_SQA/JuaraCoding/Alamanda/TA-SQUAD-ACF/TA-SQUAD-ACF/src/test/resources/features/siloam/115UpdateDataSalesEmpatKombinasi.feature:16)
]]>
    </failure>
  </testcase> <!-- runScenario -->
  <system-out/>
  <testcase classname="cucumber.framework.runner.siloam.ttddigital.TandaTanganDigitalOutlineRunner" name="runScenario" time="2.875">
    <failure message="expected [Alamanda] but found [ADIT TEST]" type="java.lang.AssertionError">
      <![CDATA[java.lang.AssertionError: expected [Alamanda] but found [ADIT TEST]
at org.testng.Assert.fail(Assert.java:110)
at org.testng.Assert.failNotEquals(Assert.java:1413)
at org.testng.Assert.assertEqualsImpl(Assert.java:149)
at org.testng.Assert.assertEquals(Assert.java:131)
at org.testng.Assert.assertEquals(Assert.java:655)
at org.testng.Assert.assertEquals(Assert.java:665)
at cucumber.framework.runner.siloam.ttddigital.TestTTDPageKombinasiEmpat.siloam115_validasi_data_tersimpan_dan_form_ter_update(TestTTDPageKombinasiEmpat.java:127)
at ✽.Siloam115 Validasi Data tersimpan dan form ter-update(file:///C:/Users/NEXSOFT/Documents/Project/TA_SQA/JuaraCoding/Alamanda/TA-SQUAD-ACF/TA-SQUAD-ACF/src/test/resources/features/siloam/115UpdateDataSalesEmpatKombinasi.feature:16)
]]>
    </failure>
  </testcase> <!-- runScenario -->
  <system-out/>
  <testcase classname="cucumber.framework.runner.siloam.ttddigital.TandaTanganDigitalOutlineRunner" name="runScenario" time="25.471"/>
  <system-out/>
  <testcase classname="cucumber.framework.runner.siloam.ttddigital.TandaTanganDigitalOutlineRunner" name="runScenario" time="3.208"/>
  <system-out/>
  <testcase classname="cucumber.framework.runner.siloam.ttddigital.TandaTanganDigitalOutlineRunner" name="runScenario" time="4.905"/>
  <system-out/>
  <testcase classname="cucumber.framework.runner.siloam.ttddigital.TandaTanganDigitalOutlineRunner" name="runScenario" time="5.290"/>
  <system-out/>
  <testcase classname="cucumber.framework.runner.siloam.ttddigital.TandaTanganDigitalOutlineRunner" name="runScenario" time="2.350">
    <failure message="expected [Alamanda] but found [ADIT TEST]" type="java.lang.AssertionError">
      <![CDATA[java.lang.AssertionError: expected [Alamanda] but found [ADIT TEST]
at org.testng.Assert.fail(Assert.java:110)
at org.testng.Assert.failNotEquals(Assert.java:1413)
at org.testng.Assert.assertEqualsImpl(Assert.java:149)
at org.testng.Assert.assertEquals(Assert.java:131)
at org.testng.Assert.assertEquals(Assert.java:655)
at org.testng.Assert.assertEquals(Assert.java:665)
at cucumber.framework.runner.siloam.ttddigital.TestTTDPageKombinasiEmpat.siloam115_validasi_data_tersimpan_dan_form_ter_update(TestTTDPageKombinasiEmpat.java:127)
at ✽.Siloam115 Validasi Data tersimpan dan form ter-update(file:///C:/Users/NEXSOFT/Documents/Project/TA_SQA/JuaraCoding/Alamanda/TA-SQUAD-ACF/TA-SQUAD-ACF/src/test/resources/features/siloam/115UpdateDataSalesEmpatKombinasi.feature:16)
]]>
    </failure>
  </testcase> <!-- runScenario -->
  <system-out/>
  <testcase classname="cucumber.framework.runner.siloam.ttddigital.TandaTanganDigitalOutlineRunner" name="runScenario" time="1.953"/>
  <system-out/>
  <testcase classname="cucumber.framework.runner.siloam.ttddigital.TandaTanganDigitalOutlineRunner" name="runScenario" time="3.645"/>
  <system-out/>
  <testcase classname="cucumber.framework.runner.siloam.ttddigital.TandaTanganDigitalOutlineRunner" name="runScenario" time="38.461"/>
  <system-out/>
  <testcase classname="cucumber.framework.runner.siloam.ttddigital.TandaTanganDigitalOutlineRunner" name="runScenario" time="5.285"/>
  <system-out/>
  <testcase classname="cucumber.framework.runner.siloam.ttddigital.TandaTanganDigitalOutlineRunner" name="runScenario" time="3.021">
    <failure message="expected [Alamanda] but found [ADIT TEST]" type="java.lang.AssertionError">
      <![CDATA[java.lang.AssertionError: expected [Alamanda] but found [ADIT TEST]
at org.testng.Assert.fail(Assert.java:110)
at org.testng.Assert.failNotEquals(Assert.java:1413)
at org.testng.Assert.assertEqualsImpl(Assert.java:149)
at org.testng.Assert.assertEquals(Assert.java:131)
at org.testng.Assert.assertEquals(Assert.java:655)
at org.testng.Assert.assertEquals(Assert.java:665)
at cucumber.framework.runner.siloam.ttddigital.TestTTDPageKombinasiEmpat.siloam115_validasi_data_tersimpan_dan_form_ter_update(TestTTDPageKombinasiEmpat.java:127)
at ✽.Siloam115 Validasi Data tersimpan dan form ter-update(file:///C:/Users/NEXSOFT/Documents/Project/TA_SQA/JuaraCoding/Alamanda/TA-SQUAD-ACF/TA-SQUAD-ACF/src/test/resources/features/siloam/115UpdateDataSalesEmpatKombinasi.feature:16)
]]>
    </failure>
  </testcase> <!-- runScenario -->
  <system-out/>
  <testcase classname="cucumber.framework.runner.siloam.ttddigital.TandaTanganDigitalOutlineRunner" name="runScenario" time="3.135"/>
  <system-out/>
  <testcase classname="cucumber.framework.runner.siloam.ttddigital.TandaTanganDigitalOutlineRunner" name="runScenario" time="2.682"/>
  <system-out/>
  <testcase classname="cucumber.framework.runner.siloam.ttddigital.TandaTanganDigitalOutlineRunner" name="runScenario" time="2.404"/>
  <system-out/>
  <testcase classname="cucumber.framework.runner.siloam.ttddigital.TandaTanganDigitalOutlineRunner" name="runScenario" time="3.547">
    <failure message="expected [Alamanda] but found [ADIT TEST]" type="java.lang.AssertionError">
      <![CDATA[java.lang.AssertionError: expected [Alamanda] but found [ADIT TEST]
at org.testng.Assert.fail(Assert.java:110)
at org.testng.Assert.failNotEquals(Assert.java:1413)
at org.testng.Assert.assertEqualsImpl(Assert.java:149)
at org.testng.Assert.assertEquals(Assert.java:131)
at org.testng.Assert.assertEquals(Assert.java:655)
at org.testng.Assert.assertEquals(Assert.java:665)
at cucumber.framework.runner.siloam.ttddigital.TestTTDPageKombinasiEmpat.siloam115_validasi_data_tersimpan_dan_form_ter_update(TestTTDPageKombinasiEmpat.java:127)
at ✽.Siloam115 Validasi Data tersimpan dan form ter-update(file:///C:/Users/NEXSOFT/Documents/Project/TA_SQA/JuaraCoding/Alamanda/TA-SQUAD-ACF/TA-SQUAD-ACF/src/test/resources/features/siloam/115UpdateDataSalesEmpatKombinasi.feature:16)
]]>
    </failure>
  </testcase> <!-- runScenario -->
  <system-out/>
  <testcase classname="cucumber.framework.runner.siloam.ttddigital.TandaTanganDigitalOutlineRunner" name="runScenario" time="2.874">
    <failure message="expected [Alamanda] but found [ADIT TEST]" type="java.lang.AssertionError">
      <![CDATA[java.lang.AssertionError: expected [Alamanda] but found [ADIT TEST]
at org.testng.Assert.fail(Assert.java:110)
at org.testng.Assert.failNotEquals(Assert.java:1413)
at org.testng.Assert.assertEqualsImpl(Assert.java:149)
at org.testng.Assert.assertEquals(Assert.java:131)
at org.testng.Assert.assertEquals(Assert.java:655)
at org.testng.Assert.assertEquals(Assert.java:665)
at cucumber.framework.runner.siloam.ttddigital.TestTTDPageKombinasiDua.siloam105_validasi_data_tersimpan_dan_form_ter_update(TestTTDPageKombinasiDua.java:133)
at ✽.Siloam105 Validasi Data tersimpan dan form ter-update(file:///C:/Users/NEXSOFT/Documents/Project/TA_SQA/JuaraCoding/Alamanda/TA-SQUAD-ACF/TA-SQUAD-ACF/src/test/resources/features/siloam/105UpdateDataSalesDuaKombinasi.feature:17)
]]>
    </failure>
  </testcase> <!-- runScenario -->
  <system-out/>
  <testcase classname="cucumber.framework.runner.siloam.ttddigital.TandaTanganDigitalOutlineRunner" name="runScenario" time="3.291">
    <failure message="expected [Alamanda] but found [ADIT TEST]" type="java.lang.AssertionError">
      <![CDATA[java.lang.AssertionError: expected [Alamanda] but found [ADIT TEST]
at org.testng.Assert.fail(Assert.java:110)
at org.testng.Assert.failNotEquals(Assert.java:1413)
at org.testng.Assert.assertEqualsImpl(Assert.java:149)
at org.testng.Assert.assertEquals(Assert.java:131)
at org.testng.Assert.assertEquals(Assert.java:655)
at org.testng.Assert.assertEquals(Assert.java:665)
at cucumber.framework.runner.siloam.ttddigital.TestTTDPageKombinasiEmpat.siloam115_validasi_data_tersimpan_dan_form_ter_update(TestTTDPageKombinasiEmpat.java:127)
at ✽.Siloam115 Validasi Data tersimpan dan form ter-update(file:///C:/Users/NEXSOFT/Documents/Project/TA_SQA/JuaraCoding/Alamanda/TA-SQUAD-ACF/TA-SQUAD-ACF/src/test/resources/features/siloam/115UpdateDataSalesEmpatKombinasi.feature:16)
]]>
    </failure>
  </testcase> <!-- runScenario -->
  <system-out/>
  <testcase classname="cucumber.framework.runner.siloam.ttddigital.TandaTanganDigitalOutlineRunner" name="runScenario" time="2.346"/>
  <system-out/>
  <testcase classname="cucumber.framework.runner.siloam.ttddigital.TandaTanganDigitalOutlineRunner" name="runScenario" time="3.101"/>
  <system-out/>
  <testcase classname="cucumber.framework.runner.siloam.ttddigital.TandaTanganDigitalOutlineRunner" name="runScenario" time="2.503">
    <failure message="expected [Alamanda] but found [ADIT TEST]" type="java.lang.AssertionError">
      <![CDATA[java.lang.AssertionError: expected [Alamanda] but found [ADIT TEST]
at org.testng.Assert.fail(Assert.java:110)
at org.testng.Assert.failNotEquals(Assert.java:1413)
at org.testng.Assert.assertEqualsImpl(Assert.java:149)
at org.testng.Assert.assertEquals(Assert.java:131)
at org.testng.Assert.assertEquals(Assert.java:655)
at org.testng.Assert.assertEquals(Assert.java:665)
at cucumber.framework.runner.siloam.ttddigital.TestTTDPageKombinasiTiga.siloam110_validasi_data_tersimpan_dan_form_ter_update(TestTTDPageKombinasiTiga.java:155)
at ✽.Siloam110 Validasi Data tersimpan dan form ter-update(file:///C:/Users/NEXSOFT/Documents/Project/TA_SQA/JuaraCoding/Alamanda/TA-SQUAD-ACF/TA-SQUAD-ACF/src/test/resources/features/siloam/110UpdateDataSalesTigaKombinasi.feature:16)
]]>
    </failure>
  </testcase> <!-- runScenario -->
  <system-out/>
  <testcase classname="cucumber.framework.runner.siloam.ttddigital.TandaTanganDigitalOutlineRunner" name="runScenario" time="3.720"/>
  <system-out/>
  <testcase classname="cucumber.framework.runner.siloam.ttddigital.TandaTanganDigitalOutlineRunner" name="runScenario" time="2.538"/>
  <system-out/>
  <testcase classname="cucumber.framework.runner.siloam.ttddigital.TandaTanganDigitalOutlineRunner" name="runScenario" time="5.220"/>
  <system-out/>
  <testcase classname="cucumber.framework.runner.siloam.ttddigital.TandaTanganDigitalOutlineRunner" name="runScenario" time="2.439">
    <failure message="expected [Alamanda] but found [ADIT TEST]" type="java.lang.AssertionError">
      <![CDATA[java.lang.AssertionError: expected [Alamanda] but found [ADIT TEST]
at org.testng.Assert.fail(Assert.java:110)
at org.testng.Assert.failNotEquals(Assert.java:1413)
at org.testng.Assert.assertEqualsImpl(Assert.java:149)
at org.testng.Assert.assertEquals(Assert.java:131)
at org.testng.Assert.assertEquals(Assert.java:655)
at org.testng.Assert.assertEquals(Assert.java:665)
at cucumber.framework.runner.siloam.ttddigital.TestTTDPageKombinasiEmpat.siloam115_validasi_data_tersimpan_dan_form_ter_update(TestTTDPageKombinasiEmpat.java:127)
at ✽.Siloam115 Validasi Data tersimpan dan form ter-update(file:///C:/Users/NEXSOFT/Documents/Project/TA_SQA/JuaraCoding/Alamanda/TA-SQUAD-ACF/TA-SQUAD-ACF/src/test/resources/features/siloam/115UpdateDataSalesEmpatKombinasi.feature:16)
]]>
    </failure>
  </testcase> <!-- runScenario -->
  <system-out/>
  <testcase classname="cucumber.framework.runner.siloam.ttddigital.TandaTanganDigitalOutlineRunner" name="runScenario" time="1.579"/>
  <system-out/>
  <testcase classname="cucumber.framework.runner.siloam.ttddigital.TandaTanganDigitalOutlineRunner" name="runScenario" time="2.237"/>
  <system-out/>
  <testcase classname="cucumber.framework.runner.siloam.ttddigital.TandaTanganDigitalOutlineRunner" name="runScenario" time="2.858">
    <failure message="expected [Alamanda] but found [ADIT TEST]" type="java.lang.AssertionError">
      <![CDATA[java.lang.AssertionError: expected [Alamanda] but found [ADIT TEST]
at org.testng.Assert.fail(Assert.java:110)
at org.testng.Assert.failNotEquals(Assert.java:1413)
at org.testng.Assert.assertEqualsImpl(Assert.java:149)
at org.testng.Assert.assertEquals(Assert.java:131)
at org.testng.Assert.assertEquals(Assert.java:655)
at org.testng.Assert.assertEquals(Assert.java:665)
at cucumber.framework.runner.siloam.ttddigital.TestTTDPageKombinasiEmpat.siloam115_validasi_data_tersimpan_dan_form_ter_update(TestTTDPageKombinasiEmpat.java:127)
at ✽.Siloam115 Validasi Data tersimpan dan form ter-update(file:///C:/Users/NEXSOFT/Documents/Project/TA_SQA/JuaraCoding/Alamanda/TA-SQUAD-ACF/TA-SQUAD-ACF/src/test/resources/features/siloam/115UpdateDataSalesEmpatKombinasi.feature:16)
]]>
    </failure>
  </testcase> <!-- runScenario -->
  <system-out/>
  <testcase classname="cucumber.framework.runner.siloam.ttddigital.TandaTanganDigitalOutlineRunner" name="runScenario" time="2.650">
    <failure message="expected [Alamanda] but found [ADIT TEST]" type="java.lang.AssertionError">
      <![CDATA[java.lang.AssertionError: expected [Alamanda] but found [ADIT TEST]
at org.testng.Assert.fail(Assert.java:110)
at org.testng.Assert.failNotEquals(Assert.java:1413)
at org.testng.Assert.assertEqualsImpl(Assert.java:149)
at org.testng.Assert.assertEquals(Assert.java:131)
at org.testng.Assert.assertEquals(Assert.java:655)
at org.testng.Assert.assertEquals(Assert.java:665)
at cucumber.framework.runner.siloam.ttddigital.TestTTDPageKombinasiEmpat.siloam115_validasi_data_tersimpan_dan_form_ter_update(TestTTDPageKombinasiEmpat.java:127)
at ✽.Siloam115 Validasi Data tersimpan dan form ter-update(file:///C:/Users/NEXSOFT/Documents/Project/TA_SQA/JuaraCoding/Alamanda/TA-SQUAD-ACF/TA-SQUAD-ACF/src/test/resources/features/siloam/115UpdateDataSalesEmpatKombinasi.feature:16)
]]>
    </failure>
  </testcase> <!-- runScenario -->
  <system-out/>
  <testcase classname="cucumber.framework.runner.siloam.ttddigital.TandaTanganDigitalOutlineRunner" name="runScenario" time="3.867"/>
  <system-out/>
  <testcase classname="cucumber.framework.runner.siloam.ttddigital.TandaTanganDigitalOutlineRunner" name="runScenario" time="1.967"/>
  <system-out/>
  <testcase classname="cucumber.framework.runner.siloam.ttddigital.TandaTanganDigitalOutlineRunner" name="runScenario" time="4.134"/>
  <system-out/>
  <testcase classname="cucumber.framework.runner.siloam.ttddigital.TandaTanganDigitalOutlineRunner" name="runScenario" time="2.711">
    <failure message="expected [Alamanda] but found [ADIT TEST]" type="java.lang.AssertionError">
      <![CDATA[java.lang.AssertionError: expected [Alamanda] but found [ADIT TEST]
at org.testng.Assert.fail(Assert.java:110)
at org.testng.Assert.failNotEquals(Assert.java:1413)
at org.testng.Assert.assertEqualsImpl(Assert.java:149)
at org.testng.Assert.assertEquals(Assert.java:131)
at org.testng.Assert.assertEquals(Assert.java:655)
at org.testng.Assert.assertEquals(Assert.java:665)
at cucumber.framework.runner.siloam.ttddigital.TestTTDPageKombinasiEmpat.siloam115_validasi_data_tersimpan_dan_form_ter_update(TestTTDPageKombinasiEmpat.java:127)
at ✽.Siloam115 Validasi Data tersimpan dan form ter-update(file:///C:/Users/NEXSOFT/Documents/Project/TA_SQA/JuaraCoding/Alamanda/TA-SQUAD-ACF/TA-SQUAD-ACF/src/test/resources/features/siloam/115UpdateDataSalesEmpatKombinasi.feature:16)
]]>
    </failure>
  </testcase> <!-- runScenario -->
  <system-out/>
  <testcase classname="cucumber.framework.runner.siloam.ttddigital.TandaTanganDigitalOutlineRunner" name="runScenario" time="4.403">
    <failure message="expected [Alamanda] but found [ADIT TEST]" type="java.lang.AssertionError">
      <![CDATA[java.lang.AssertionError: expected [Alamanda] but found [ADIT TEST]
at org.testng.Assert.fail(Assert.java:110)
at org.testng.Assert.failNotEquals(Assert.java:1413)
at org.testng.Assert.assertEqualsImpl(Assert.java:149)
at org.testng.Assert.assertEquals(Assert.java:131)
at org.testng.Assert.assertEquals(Assert.java:655)
at org.testng.Assert.assertEquals(Assert.java:665)
at cucumber.framework.runner.siloam.ttddigital.TestTTDPageKombinasiEmpat.siloam115_validasi_data_tersimpan_dan_form_ter_update(TestTTDPageKombinasiEmpat.java:127)
at ✽.Siloam115 Validasi Data tersimpan dan form ter-update(file:///C:/Users/NEXSOFT/Documents/Project/TA_SQA/JuaraCoding/Alamanda/TA-SQUAD-ACF/TA-SQUAD-ACF/src/test/resources/features/siloam/115UpdateDataSalesEmpatKombinasi.feature:16)
]]>
    </failure>
  </testcase> <!-- runScenario -->
  <system-out/>
  <testcase classname="cucumber.framework.runner.siloam.ttddigital.TandaTanganDigitalOutlineRunner" name="runScenario" time="3.557"/>
  <system-out/>
  <testcase classname="cucumber.framework.runner.siloam.ttddigital.TandaTanganDigitalOutlineRunner" name="runScenario" time="17.070">
    <failure message="expected [Alamanda] but found [ADIT TEST]" type="java.lang.AssertionError">
      <![CDATA[java.lang.AssertionError: expected [Alamanda] but found [ADIT TEST]
at org.testng.Assert.fail(Assert.java:110)
at org.testng.Assert.failNotEquals(Assert.java:1413)
at org.testng.Assert.assertEqualsImpl(Assert.java:149)
at org.testng.Assert.assertEquals(Assert.java:131)
at org.testng.Assert.assertEquals(Assert.java:655)
at org.testng.Assert.assertEquals(Assert.java:665)
at cucumber.framework.runner.siloam.ttddigital.TestTTDPageKombinasiTiga.siloam110_validasi_data_tersimpan_dan_form_ter_update(TestTTDPageKombinasiTiga.java:155)
at ✽.Siloam110 Validasi Data tersimpan dan form ter-update(file:///C:/Users/NEXSOFT/Documents/Project/TA_SQA/JuaraCoding/Alamanda/TA-SQUAD-ACF/TA-SQUAD-ACF/src/test/resources/features/siloam/110UpdateDataSalesTigaKombinasi.feature:16)
]]>
    </failure>
  </testcase> <!-- runScenario -->
  <system-out/>
  <testcase classname="cucumber.framework.runner.siloam.ttddigital.TandaTanganDigitalOutlineRunner" name="runScenario" time="3.533"/>
  <system-out/>
  <testcase classname="cucumber.framework.runner.siloam.ttddigital.TandaTanganDigitalOutlineRunner" name="runScenario" time="14.312">
    <failure message="expected [Alamanda] but found [ADIT TEST]" type="java.lang.AssertionError">
      <![CDATA[java.lang.AssertionError: expected [Alamanda] but found [ADIT TEST]
at org.testng.Assert.fail(Assert.java:110)
at org.testng.Assert.failNotEquals(Assert.java:1413)
at org.testng.Assert.assertEqualsImpl(Assert.java:149)
at org.testng.Assert.assertEquals(Assert.java:131)
at org.testng.Assert.assertEquals(Assert.java:655)
at org.testng.Assert.assertEquals(Assert.java:665)
at cucumber.framework.runner.siloam.ttddigital.TestTTDPageKombinasiDua.siloam105_validasi_data_tersimpan_dan_form_ter_update(TestTTDPageKombinasiDua.java:133)
at ✽.Siloam105 Validasi Data tersimpan dan form ter-update(file:///C:/Users/NEXSOFT/Documents/Project/TA_SQA/JuaraCoding/Alamanda/TA-SQUAD-ACF/TA-SQUAD-ACF/src/test/resources/features/siloam/105UpdateDataSalesDuaKombinasi.feature:17)
]]>
    </failure>
  </testcase> <!-- runScenario -->
  <system-out/>
  <testcase classname="cucumber.framework.runner.siloam.ttddigital.TandaTanganDigitalOutlineRunner" name="runScenario" time="2.557">
    <failure message="expected [Alamanda] but found [ADIT TEST]" type="java.lang.AssertionError">
      <![CDATA[java.lang.AssertionError: expected [Alamanda] but found [ADIT TEST]
at org.testng.Assert.fail(Assert.java:110)
at org.testng.Assert.failNotEquals(Assert.java:1413)
at org.testng.Assert.assertEqualsImpl(Assert.java:149)
at org.testng.Assert.assertEquals(Assert.java:131)
at org.testng.Assert.assertEquals(Assert.java:655)
at org.testng.Assert.assertEquals(Assert.java:665)
at cucumber.framework.runner.siloam.ttddigital.TestTTDPageKombinasiEmpat.siloam115_validasi_data_tersimpan_dan_form_ter_update(TestTTDPageKombinasiEmpat.java:127)
at ✽.Siloam115 Validasi Data tersimpan dan form ter-update(file:///C:/Users/NEXSOFT/Documents/Project/TA_SQA/JuaraCoding/Alamanda/TA-SQUAD-ACF/TA-SQUAD-ACF/src/test/resources/features/siloam/115UpdateDataSalesEmpatKombinasi.feature:16)
]]>
    </failure>
  </testcase> <!-- runScenario -->
  <system-out/>
  <testcase classname="cucumber.framework.runner.siloam.ttddigital.TandaTanganDigitalOutlineRunner" name="runScenario" time="2.730"/>
  <system-out/>
  <testcase classname="cucumber.framework.runner.siloam.ttddigital.TandaTanganDigitalOutlineRunner" name="runScenario" time="2.993">
    <failure message="expected [acc] but found [ADIT TEST]" type="java.lang.AssertionError">
      <![CDATA[java.lang.AssertionError: expected [acc] but found [ADIT TEST]
at org.testng.Assert.fail(Assert.java:110)
at org.testng.Assert.failNotEquals(Assert.java:1413)
at org.testng.Assert.assertEqualsImpl(Assert.java:149)
at org.testng.Assert.assertEquals(Assert.java:131)
at org.testng.Assert.assertEquals(Assert.java:655)
at org.testng.Assert.assertEquals(Assert.java:665)
at cucumber.framework.runner.siloam.ttddigital.TestTTDPageKombinasiSatu.siloam100_validasi_data_tersimpan_dan_form_ter_update(TestTTDPageKombinasiSatu.java:135)
at ✽.Siloam100 Validasi Data tersimpan dan form ter-update(file:///C:/Users/NEXSOFT/Documents/Project/TA_SQA/JuaraCoding/Alamanda/TA-SQUAD-ACF/TA-SQUAD-ACF/src/test/resources/features/siloam/100UpdateDataSalesSatuKombinasi.feature:17)
]]>
    </failure>
  </testcase> <!-- runScenario -->
  <system-out/>
  <testcase classname="cucumber.framework.runner.siloam.ttddigital.TandaTanganDigitalOutlineRunner" name="runScenario" time="5.666"/>
  <system-out/>
  <testcase classname="cucumber.framework.runner.siloam.ttddigital.TandaTanganDigitalOutlineRunner" name="runScenario" time="4.654"/>
  <system-out/>
  <testcase classname="cucumber.framework.runner.siloam.ttddigital.TandaTanganDigitalOutlineRunner" name="runScenario" time="2.994"/>
  <system-out/>
  <testcase classname="cucumber.framework.runner.siloam.ttddigital.TandaTanganDigitalOutlineRunner" name="runScenario" time="2.838"/>
  <system-out/>
  <testcase classname="cucumber.framework.runner.siloam.ttddigital.TandaTanganDigitalOutlineRunner" name="runScenario" time="2.410">
    <failure message="expected [Alamanda] but found [ADIT TEST]" type="java.lang.AssertionError">
      <![CDATA[java.lang.AssertionError: expected [Alamanda] but found [ADIT TEST]
at org.testng.Assert.fail(Assert.java:110)
at org.testng.Assert.failNotEquals(Assert.java:1413)
at org.testng.Assert.assertEqualsImpl(Assert.java:149)
at org.testng.Assert.assertEquals(Assert.java:131)
at org.testng.Assert.assertEquals(Assert.java:655)
at org.testng.Assert.assertEquals(Assert.java:665)
at cucumber.framework.runner.siloam.ttddigital.TestTTDPageKombinasiEmpat.siloam115_validasi_data_tersimpan_dan_form_ter_update(TestTTDPageKombinasiEmpat.java:127)
at ✽.Siloam115 Validasi Data tersimpan dan form ter-update(file:///C:/Users/NEXSOFT/Documents/Project/TA_SQA/JuaraCoding/Alamanda/TA-SQUAD-ACF/TA-SQUAD-ACF/src/test/resources/features/siloam/115UpdateDataSalesEmpatKombinasi.feature:16)
]]>
    </failure>
  </testcase> <!-- runScenario -->
  <system-out/>
  <testcase classname="cucumber.framework.runner.siloam.ttddigital.TandaTanganDigitalOutlineRunner" name="runScenario" time="3.534">
    <failure message="expected [Alamanda] but found [ADIT TEST]" type="java.lang.AssertionError">
      <![CDATA[java.lang.AssertionError: expected [Alamanda] but found [ADIT TEST]
at org.testng.Assert.fail(Assert.java:110)
at org.testng.Assert.failNotEquals(Assert.java:1413)
at org.testng.Assert.assertEqualsImpl(Assert.java:149)
at org.testng.Assert.assertEquals(Assert.java:131)
at org.testng.Assert.assertEquals(Assert.java:655)
at org.testng.Assert.assertEquals(Assert.java:665)
at cucumber.framework.runner.siloam.ttddigital.TestTTDPageKombinasiDua.siloam105_validasi_data_tersimpan_dan_form_ter_update(TestTTDPageKombinasiDua.java:133)
at ✽.Siloam105 Validasi Data tersimpan dan form ter-update(file:///C:/Users/NEXSOFT/Documents/Project/TA_SQA/JuaraCoding/Alamanda/TA-SQUAD-ACF/TA-SQUAD-ACF/src/test/resources/features/siloam/105UpdateDataSalesDuaKombinasi.feature:17)
]]>
    </failure>
  </testcase> <!-- runScenario -->
  <system-out/>
  <testcase classname="cucumber.framework.runner.siloam.ttddigital.TandaTanganDigitalOutlineRunner" name="runScenario" time="2.849"/>
  <system-out/>
  <testcase classname="cucumber.framework.runner.siloam.ttddigital.TandaTanganDigitalOutlineRunner" name="runScenario" time="5.131">
    <failure message="expected [Alamanda] but found [ADIT TEST]" type="java.lang.AssertionError">
      <![CDATA[java.lang.AssertionError: expected [Alamanda] but found [ADIT TEST]
at org.testng.Assert.fail(Assert.java:110)
at org.testng.Assert.failNotEquals(Assert.java:1413)
at org.testng.Assert.assertEqualsImpl(Assert.java:149)
at org.testng.Assert.assertEquals(Assert.java:131)
at org.testng.Assert.assertEquals(Assert.java:655)
at org.testng.Assert.assertEquals(Assert.java:665)
at cucumber.framework.runner.siloam.ttddigital.TestTTDPageKombinasiEmpat.siloam115_validasi_data_tersimpan_dan_form_ter_update(TestTTDPageKombinasiEmpat.java:127)
at ✽.Siloam115 Validasi Data tersimpan dan form ter-update(file:///C:/Users/NEXSOFT/Documents/Project/TA_SQA/JuaraCoding/Alamanda/TA-SQUAD-ACF/TA-SQUAD-ACF/src/test/resources/features/siloam/115UpdateDataSalesEmpatKombinasi.feature:16)
]]>
    </failure>
  </testcase> <!-- runScenario -->
  <system-out/>
  <testcase classname="cucumber.framework.runner.siloam.ttddigital.TandaTanganDigitalOutlineRunner" name="runScenario" time="3.412">
    <failure message="expected [Alamanda] but found [ADIT TEST]" type="java.lang.AssertionError">
      <![CDATA[java.lang.AssertionError: expected [Alamanda] but found [ADIT TEST]
at org.testng.Assert.fail(Assert.java:110)
at org.testng.Assert.failNotEquals(Assert.java:1413)
at org.testng.Assert.assertEqualsImpl(Assert.java:149)
at org.testng.Assert.assertEquals(Assert.java:131)
at org.testng.Assert.assertEquals(Assert.java:655)
at org.testng.Assert.assertEquals(Assert.java:665)
at cucumber.framework.runner.siloam.ttddigital.TestTTDPageKombinasiDua.siloam105_validasi_data_tersimpan_dan_form_ter_update(TestTTDPageKombinasiDua.java:133)
at ✽.Siloam105 Validasi Data tersimpan dan form ter-update(file:///C:/Users/NEXSOFT/Documents/Project/TA_SQA/JuaraCoding/Alamanda/TA-SQUAD-ACF/TA-SQUAD-ACF/src/test/resources/features/siloam/105UpdateDataSalesDuaKombinasi.feature:17)
]]>
    </failure>
  </testcase> <!-- runScenario -->
  <system-out/>
  <testcase classname="cucumber.framework.runner.siloam.ttddigital.TandaTanganDigitalOutlineRunner" name="runScenario" time="13.785"/>
  <system-out/>
  <testcase classname="cucumber.framework.runner.siloam.ttddigital.TandaTanganDigitalOutlineRunner" name="runScenario" time="3.369">
    <failure message="expected [Alamanda] but found [ADIT TEST]" type="java.lang.AssertionError">
      <![CDATA[java.lang.AssertionError: expected [Alamanda] but found [ADIT TEST]
at org.testng.Assert.fail(Assert.java:110)
at org.testng.Assert.failNotEquals(Assert.java:1413)
at org.testng.Assert.assertEqualsImpl(Assert.java:149)
at org.testng.Assert.assertEquals(Assert.java:131)
at org.testng.Assert.assertEquals(Assert.java:655)
at org.testng.Assert.assertEquals(Assert.java:665)
at cucumber.framework.runner.siloam.ttddigital.TestTTDPageKombinasiEmpat.siloam115_validasi_data_tersimpan_dan_form_ter_update(TestTTDPageKombinasiEmpat.java:127)
at ✽.Siloam115 Validasi Data tersimpan dan form ter-update(file:///C:/Users/NEXSOFT/Documents/Project/TA_SQA/JuaraCoding/Alamanda/TA-SQUAD-ACF/TA-SQUAD-ACF/src/test/resources/features/siloam/115UpdateDataSalesEmpatKombinasi.feature:16)
]]>
    </failure>
  </testcase> <!-- runScenario -->
  <system-out/>
  <testcase classname="cucumber.framework.runner.siloam.ttddigital.TandaTanganDigitalOutlineRunner" name="runScenario" time="3.098"/>
  <system-out/>
  <testcase classname="cucumber.framework.runner.siloam.ttddigital.TandaTanganDigitalOutlineRunner" name="runScenario" time="2.614">
    <failure message="expected [Alamanda] but found [ADIT TEST]" type="java.lang.AssertionError">
      <![CDATA[java.lang.AssertionError: expected [Alamanda] but found [ADIT TEST]
at org.testng.Assert.fail(Assert.java:110)
at org.testng.Assert.failNotEquals(Assert.java:1413)
at org.testng.Assert.assertEqualsImpl(Assert.java:149)
at org.testng.Assert.assertEquals(Assert.java:131)
at org.testng.Assert.assertEquals(Assert.java:655)
at org.testng.Assert.assertEquals(Assert.java:665)
at cucumber.framework.runner.siloam.ttddigital.TestTTDPageKombinasiEmpat.siloam115_validasi_data_tersimpan_dan_form_ter_update(TestTTDPageKombinasiEmpat.java:127)
at ✽.Siloam115 Validasi Data tersimpan dan form ter-update(file:///C:/Users/NEXSOFT/Documents/Project/TA_SQA/JuaraCoding/Alamanda/TA-SQUAD-ACF/TA-SQUAD-ACF/src/test/resources/features/siloam/115UpdateDataSalesEmpatKombinasi.feature:16)
]]>
    </failure>
  </testcase> <!-- runScenario -->
  <system-out/>
  <testcase classname="cucumber.framework.runner.siloam.ttddigital.TandaTanganDigitalOutlineRunner" name="runScenario" time="3.083"/>
  <system-out/>
  <testcase classname="cucumber.framework.runner.siloam.ttddigital.TandaTanganDigitalOutlineRunner" name="runScenario" time="2.716">
    <failure message="expected [Alamanda] but found [ADIT TEST]" type="java.lang.AssertionError">
      <![CDATA[java.lang.AssertionError: expected [Alamanda] but found [ADIT TEST]
at org.testng.Assert.fail(Assert.java:110)
at org.testng.Assert.failNotEquals(Assert.java:1413)
at org.testng.Assert.assertEqualsImpl(Assert.java:149)
at org.testng.Assert.assertEquals(Assert.java:131)
at org.testng.Assert.assertEquals(Assert.java:655)
at org.testng.Assert.assertEquals(Assert.java:665)
at cucumber.framework.runner.siloam.ttddigital.TestTTDPageKombinasiEmpat.siloam115_validasi_data_tersimpan_dan_form_ter_update(TestTTDPageKombinasiEmpat.java:127)
at ✽.Siloam115 Validasi Data tersimpan dan form ter-update(file:///C:/Users/NEXSOFT/Documents/Project/TA_SQA/JuaraCoding/Alamanda/TA-SQUAD-ACF/TA-SQUAD-ACF/src/test/resources/features/siloam/115UpdateDataSalesEmpatKombinasi.feature:16)
]]>
    </failure>
  </testcase> <!-- runScenario -->
  <system-out/>
  <testcase classname="cucumber.framework.runner.siloam.ttddigital.TandaTanganDigitalOutlineRunner" name="runScenario" time="2.587"/>
  <system-out/>
  <testcase classname="cucumber.framework.runner.siloam.ttddigital.TandaTanganDigitalOutlineRunner" name="runScenario" time="2.658"/>
  <system-out/>
  <testcase classname="cucumber.framework.runner.siloam.ttddigital.TandaTanganDigitalOutlineRunner" name="runScenario" time="4.417"/>
  <system-out/>
  <testcase classname="cucumber.framework.runner.siloam.ttddigital.TandaTanganDigitalOutlineRunner" name="runScenario" time="2.310"/>
  <system-out/>
  <testcase classname="cucumber.framework.runner.siloam.ttddigital.TandaTanganDigitalOutlineRunner" name="runScenario" time="2.523">
    <failure message="expected [Alamanda] but found [ADIT TEST]" type="java.lang.AssertionError">
      <![CDATA[java.lang.AssertionError: expected [Alamanda] but found [ADIT TEST]
at org.testng.Assert.fail(Assert.java:110)
at org.testng.Assert.failNotEquals(Assert.java:1413)
at org.testng.Assert.assertEqualsImpl(Assert.java:149)
at org.testng.Assert.assertEquals(Assert.java:131)
at org.testng.Assert.assertEquals(Assert.java:655)
at org.testng.Assert.assertEquals(Assert.java:665)
at cucumber.framework.runner.siloam.ttddigital.TestTTDPageKombinasiTiga.siloam110_validasi_data_tersimpan_dan_form_ter_update(TestTTDPageKombinasiTiga.java:155)
at ✽.Siloam110 Validasi Data tersimpan dan form ter-update(file:///C:/Users/NEXSOFT/Documents/Project/TA_SQA/JuaraCoding/Alamanda/TA-SQUAD-ACF/TA-SQUAD-ACF/src/test/resources/features/siloam/110UpdateDataSalesTigaKombinasi.feature:16)
]]>
    </failure>
  </testcase> <!-- runScenario -->
  <system-out/>
  <testcase classname="cucumber.framework.runner.siloam.ttddigital.TandaTanganDigitalOutlineRunner" name="runScenario" time="3.804"/>
  <system-out/>
  <testcase classname="cucumber.framework.runner.siloam.ttddigital.TandaTanganDigitalOutlineRunner" name="runScenario" time="2.068"/>
  <system-out/>
  <testcase classname="cucumber.framework.runner.siloam.ttddigital.TandaTanganDigitalOutlineRunner" name="runScenario" time="2.976"/>
  <system-out/>
  <testcase classname="cucumber.framework.runner.siloam.ttddigital.TandaTanganDigitalOutlineRunner" name="runScenario" time="2.564">
    <failure message="expected [Alamanda] but found [ADIT TEST]" type="java.lang.AssertionError">
      <![CDATA[java.lang.AssertionError: expected [Alamanda] but found [ADIT TEST]
at org.testng.Assert.fail(Assert.java:110)
at org.testng.Assert.failNotEquals(Assert.java:1413)
at org.testng.Assert.assertEqualsImpl(Assert.java:149)
at org.testng.Assert.assertEquals(Assert.java:131)
at org.testng.Assert.assertEquals(Assert.java:655)
at org.testng.Assert.assertEquals(Assert.java:665)
at cucumber.framework.runner.siloam.ttddigital.TestTTDPageKombinasiEmpat.siloam115_validasi_data_tersimpan_dan_form_ter_update(TestTTDPageKombinasiEmpat.java:127)
at ✽.Siloam115 Validasi Data tersimpan dan form ter-update(file:///C:/Users/NEXSOFT/Documents/Project/TA_SQA/JuaraCoding/Alamanda/TA-SQUAD-ACF/TA-SQUAD-ACF/src/test/resources/features/siloam/115UpdateDataSalesEmpatKombinasi.feature:16)
]]>
    </failure>
  </testcase> <!-- runScenario -->
  <system-out/>
  <testcase classname="cucumber.framework.runner.siloam.ttddigital.TandaTanganDigitalOutlineRunner" name="runScenario" time="3.196"/>
  <system-out/>
  <testcase classname="cucumber.framework.runner.siloam.ttddigital.TandaTanganDigitalOutlineRunner" name="runScenario" time="2.184"/>
  <system-out/>
  <testcase classname="cucumber.framework.runner.siloam.ttddigital.TandaTanganDigitalOutlineRunner" name="runScenario" time="2.569"/>
  <system-out/>
  <testcase classname="cucumber.framework.runner.siloam.ttddigital.TandaTanganDigitalOutlineRunner" name="runScenario" time="4.375">
    <failure message="expected [Alamanda] but found [ADIT TEST]" type="java.lang.AssertionError">
      <![CDATA[java.lang.AssertionError: expected [Alamanda] but found [ADIT TEST]
at org.testng.Assert.fail(Assert.java:110)
at org.testng.Assert.failNotEquals(Assert.java:1413)
at org.testng.Assert.assertEqualsImpl(Assert.java:149)
at org.testng.Assert.assertEquals(Assert.java:131)
at org.testng.Assert.assertEquals(Assert.java:655)
at org.testng.Assert.assertEquals(Assert.java:665)
at cucumber.framework.runner.siloam.ttddigital.TestTTDPageKombinasiTiga.siloam110_validasi_data_tersimpan_dan_form_ter_update(TestTTDPageKombinasiTiga.java:155)
at ✽.Siloam110 Validasi Data tersimpan dan form ter-update(file:///C:/Users/NEXSOFT/Documents/Project/TA_SQA/JuaraCoding/Alamanda/TA-SQUAD-ACF/TA-SQUAD-ACF/src/test/resources/features/siloam/110UpdateDataSalesTigaKombinasi.feature:16)
]]>
    </failure>
  </testcase> <!-- runScenario -->
  <system-out/>
  <testcase classname="cucumber.framework.runner.siloam.ttddigital.TandaTanganDigitalOutlineRunner" name="runScenario" time="2.715"/>
  <system-out/>
  <testcase classname="cucumber.framework.runner.siloam.ttddigital.TandaTanganDigitalOutlineRunner" name="runScenario" time="3.161"/>
  <system-out/>
  <testcase classname="cucumber.framework.runner.siloam.ttddigital.TandaTanganDigitalOutlineRunner" name="runScenario" time="2.187"/>
  <system-out/>
  <testcase classname="cucumber.framework.runner.siloam.ttddigital.TandaTanganDigitalOutlineRunner" name="runScenario" time="3.729"/>
  <system-out/>
  <testcase classname="cucumber.framework.runner.siloam.ttddigital.TandaTanganDigitalOutlineRunner" name="runScenario" time="3.556">
    <failure message="expected [Alamanda] but found [ADIT TEST]" type="java.lang.AssertionError">
      <![CDATA[java.lang.AssertionError: expected [Alamanda] but found [ADIT TEST]
at org.testng.Assert.fail(Assert.java:110)
at org.testng.Assert.failNotEquals(Assert.java:1413)
at org.testng.Assert.assertEqualsImpl(Assert.java:149)
at org.testng.Assert.assertEquals(Assert.java:131)
at org.testng.Assert.assertEquals(Assert.java:655)
at org.testng.Assert.assertEquals(Assert.java:665)
at cucumber.framework.runner.siloam.ttddigital.TestTTDPageKombinasiEmpat.siloam115_validasi_data_tersimpan_dan_form_ter_update(TestTTDPageKombinasiEmpat.java:127)
at ✽.Siloam115 Validasi Data tersimpan dan form ter-update(file:///C:/Users/NEXSOFT/Documents/Project/TA_SQA/JuaraCoding/Alamanda/TA-SQUAD-ACF/TA-SQUAD-ACF/src/test/resources/features/siloam/115UpdateDataSalesEmpatKombinasi.feature:16)
]]>
    </failure>
  </testcase> <!-- runScenario -->
  <system-out/>
  <testcase classname="cucumber.framework.runner.siloam.ttddigital.TandaTanganDigitalOutlineRunner" name="runScenario" time="3.500"/>
  <system-out/>
  <testcase classname="cucumber.framework.runner.siloam.ttddigital.TandaTanganDigitalOutlineRunner" name="runScenario" time="3.252"/>
  <system-out/>
  <testcase classname="cucumber.framework.runner.siloam.ttddigital.TandaTanganDigitalOutlineRunner" name="runScenario" time="2.280">
    <failure message="expected [Alamanda] but found [ADIT TEST]" type="java.lang.AssertionError">
      <![CDATA[java.lang.AssertionError: expected [Alamanda] but found [ADIT TEST]
at org.testng.Assert.fail(Assert.java:110)
at org.testng.Assert.failNotEquals(Assert.java:1413)
at org.testng.Assert.assertEqualsImpl(Assert.java:149)
at org.testng.Assert.assertEquals(Assert.java:131)
at org.testng.Assert.assertEquals(Assert.java:655)
at org.testng.Assert.assertEquals(Assert.java:665)
at cucumber.framework.runner.siloam.ttddigital.TestTTDPageKombinasiTiga.siloam110_validasi_data_tersimpan_dan_form_ter_update(TestTTDPageKombinasiTiga.java:155)
at ✽.Siloam110 Validasi Data tersimpan dan form ter-update(file:///C:/Users/NEXSOFT/Documents/Project/TA_SQA/JuaraCoding/Alamanda/TA-SQUAD-ACF/TA-SQUAD-ACF/src/test/resources/features/siloam/110UpdateDataSalesTigaKombinasi.feature:16)
]]>
    </failure>
  </testcase> <!-- runScenario -->
  <system-out/>
  <testcase classname="cucumber.framework.runner.siloam.ttddigital.TandaTanganDigitalOutlineRunner" name="runScenario" time="2.287"/>
  <system-out/>
  <testcase classname="cucumber.framework.runner.siloam.ttddigital.TandaTanganDigitalOutlineRunner" name="runScenario" time="2.120"/>
  <system-out/>
  <testcase classname="cucumber.framework.runner.siloam.ttddigital.TandaTanganDigitalOutlineRunner" name="runScenario" time="2.788">
    <failure message="expected [Alamanda] but found [ADIT TEST]" type="java.lang.AssertionError">
      <![CDATA[java.lang.AssertionError: expected [Alamanda] but found [ADIT TEST]
at org.testng.Assert.fail(Assert.java:110)
at org.testng.Assert.failNotEquals(Assert.java:1413)
at org.testng.Assert.assertEqualsImpl(Assert.java:149)
at org.testng.Assert.assertEquals(Assert.java:131)
at org.testng.Assert.assertEquals(Assert.java:655)
at org.testng.Assert.assertEquals(Assert.java:665)
at cucumber.framework.runner.siloam.ttddigital.TestTTDPageKombinasiTiga.siloam110_validasi_data_tersimpan_dan_form_ter_update(TestTTDPageKombinasiTiga.java:155)
at ✽.Siloam110 Validasi Data tersimpan dan form ter-update(file:///C:/Users/NEXSOFT/Documents/Project/TA_SQA/JuaraCoding/Alamanda/TA-SQUAD-ACF/TA-SQUAD-ACF/src/test/resources/features/siloam/110UpdateDataSalesTigaKombinasi.feature:16)
]]>
    </failure>
  </testcase> <!-- runScenario -->
  <system-out/>
  <testcase classname="cucumber.framework.runner.siloam.ttddigital.TandaTanganDigitalOutlineRunner" name="runScenario" time="2.595"/>
  <system-out/>
  <testcase classname="cucumber.framework.runner.siloam.ttddigital.TandaTanganDigitalOutlineRunner" name="runScenario" time="2.479"/>
  <system-out/>
  <testcase classname="cucumber.framework.runner.siloam.ttddigital.TandaTanganDigitalOutlineRunner" name="runScenario" time="2.107"/>
  <system-out/>
  <testcase classname="cucumber.framework.runner.siloam.ttddigital.TandaTanganDigitalOutlineRunner" name="runScenario" time="2.872">
    <failure message="expected [Alamanda] but found [ADIT TEST]" type="java.lang.AssertionError">
      <![CDATA[java.lang.AssertionError: expected [Alamanda] but found [ADIT TEST]
at org.testng.Assert.fail(Assert.java:110)
at org.testng.Assert.failNotEquals(Assert.java:1413)
at org.testng.Assert.assertEqualsImpl(Assert.java:149)
at org.testng.Assert.assertEquals(Assert.java:131)
at org.testng.Assert.assertEquals(Assert.java:655)
at org.testng.Assert.assertEquals(Assert.java:665)
at cucumber.framework.runner.siloam.ttddigital.TestTTDPageKombinasiTiga.siloam110_validasi_data_tersimpan_dan_form_ter_update(TestTTDPageKombinasiTiga.java:155)
at ✽.Siloam110 Validasi Data tersimpan dan form ter-update(file:///C:/Users/NEXSOFT/Documents/Project/TA_SQA/JuaraCoding/Alamanda/TA-SQUAD-ACF/TA-SQUAD-ACF/src/test/resources/features/siloam/110UpdateDataSalesTigaKombinasi.feature:16)
]]>
    </failure>
  </testcase> <!-- runScenario -->
  <system-out/>
  <testcase classname="cucumber.framework.runner.siloam.ttddigital.TandaTanganDigitalOutlineRunner" name="runScenario" time="1.952">
    <failure message="expected [Alamanda] but found [ADIT TEST]" type="java.lang.AssertionError">
      <![CDATA[java.lang.AssertionError: expected [Alamanda] but found [ADIT TEST]
at org.testng.Assert.fail(Assert.java:110)
at org.testng.Assert.failNotEquals(Assert.java:1413)
at org.testng.Assert.assertEqualsImpl(Assert.java:149)
at org.testng.Assert.assertEquals(Assert.java:131)
at org.testng.Assert.assertEquals(Assert.java:655)
at org.testng.Assert.assertEquals(Assert.java:665)
at cucumber.framework.runner.siloam.ttddigital.TestTTDPageKombinasiTiga.siloam110_validasi_data_tersimpan_dan_form_ter_update(TestTTDPageKombinasiTiga.java:155)
at ✽.Siloam110 Validasi Data tersimpan dan form ter-update(file:///C:/Users/NEXSOFT/Documents/Project/TA_SQA/JuaraCoding/Alamanda/TA-SQUAD-ACF/TA-SQUAD-ACF/src/test/resources/features/siloam/110UpdateDataSalesTigaKombinasi.feature:16)
]]>
    </failure>
  </testcase> <!-- runScenario -->
  <system-out/>
  <testcase classname="cucumber.framework.runner.siloam.ttddigital.TandaTanganDigitalOutlineRunner" name="runScenario" time="2.547"/>
  <system-out/>
  <testcase classname="cucumber.framework.runner.siloam.ttddigital.TandaTanganDigitalOutlineRunner" name="runScenario" time="3.044">
    <failure message="expected [Alamanda] but found [ADIT TEST]" type="java.lang.AssertionError">
      <![CDATA[java.lang.AssertionError: expected [Alamanda] but found [ADIT TEST]
at org.testng.Assert.fail(Assert.java:110)
at org.testng.Assert.failNotEquals(Assert.java:1413)
at org.testng.Assert.assertEqualsImpl(Assert.java:149)
at org.testng.Assert.assertEquals(Assert.java:131)
at org.testng.Assert.assertEquals(Assert.java:655)
at org.testng.Assert.assertEquals(Assert.java:665)
at cucumber.framework.runner.siloam.ttddigital.TestTTDPageKombinasiTiga.siloam110_validasi_data_tersimpan_dan_form_ter_update(TestTTDPageKombinasiTiga.java:155)
at ✽.Siloam110 Validasi Data tersimpan dan form ter-update(file:///C:/Users/NEXSOFT/Documents/Project/TA_SQA/JuaraCoding/Alamanda/TA-SQUAD-ACF/TA-SQUAD-ACF/src/test/resources/features/siloam/110UpdateDataSalesTigaKombinasi.feature:16)
]]>
    </failure>
  </testcase> <!-- runScenario -->
  <system-out/>
  <testcase classname="cucumber.framework.runner.siloam.ttddigital.TandaTanganDigitalOutlineRunner" name="runScenario" time="3.070">
    <failure message="expected [Alamanda] but found [ADIT TEST]" type="java.lang.AssertionError">
      <![CDATA[java.lang.AssertionError: expected [Alamanda] but found [ADIT TEST]
at org.testng.Assert.fail(Assert.java:110)
at org.testng.Assert.failNotEquals(Assert.java:1413)
at org.testng.Assert.assertEqualsImpl(Assert.java:149)
at org.testng.Assert.assertEquals(Assert.java:131)
at org.testng.Assert.assertEquals(Assert.java:655)
at org.testng.Assert.assertEquals(Assert.java:665)
at cucumber.framework.runner.siloam.ttddigital.TestTTDPageKombinasiEmpat.siloam115_validasi_data_tersimpan_dan_form_ter_update(TestTTDPageKombinasiEmpat.java:127)
at ✽.Siloam115 Validasi Data tersimpan dan form ter-update(file:///C:/Users/NEXSOFT/Documents/Project/TA_SQA/JuaraCoding/Alamanda/TA-SQUAD-ACF/TA-SQUAD-ACF/src/test/resources/features/siloam/115UpdateDataSalesEmpatKombinasi.feature:16)
]]>
    </failure>
  </testcase> <!-- runScenario -->
  <system-out/>
  <testcase classname="cucumber.framework.runner.siloam.ttddigital.TandaTanganDigitalOutlineRunner" name="runScenario" time="1.973">
    <failure message="expected [Alamanda] but found [ADIT TEST]" type="java.lang.AssertionError">
      <![CDATA[java.lang.AssertionError: expected [Alamanda] but found [ADIT TEST]
at org.testng.Assert.fail(Assert.java:110)
at org.testng.Assert.failNotEquals(Assert.java:1413)
at org.testng.Assert.assertEqualsImpl(Assert.java:149)
at org.testng.Assert.assertEquals(Assert.java:131)
at org.testng.Assert.assertEquals(Assert.java:655)
at org.testng.Assert.assertEquals(Assert.java:665)
at cucumber.framework.runner.siloam.ttddigital.TestTTDPageKombinasiTiga.siloam110_validasi_data_tersimpan_dan_form_ter_update(TestTTDPageKombinasiTiga.java:155)
at ✽.Siloam110 Validasi Data tersimpan dan form ter-update(file:///C:/Users/NEXSOFT/Documents/Project/TA_SQA/JuaraCoding/Alamanda/TA-SQUAD-ACF/TA-SQUAD-ACF/src/test/resources/features/siloam/110UpdateDataSalesTigaKombinasi.feature:16)
]]>
    </failure>
  </testcase> <!-- runScenario -->
  <system-out/>
  <testcase classname="cucumber.framework.runner.siloam.ttddigital.TandaTanganDigitalOutlineRunner" name="runScenario" time="2.556">
    <failure message="expected [Alamanda] but found [ADIT TEST]" type="java.lang.AssertionError">
      <![CDATA[java.lang.AssertionError: expected [Alamanda] but found [ADIT TEST]
at org.testng.Assert.fail(Assert.java:110)
at org.testng.Assert.failNotEquals(Assert.java:1413)
at org.testng.Assert.assertEqualsImpl(Assert.java:149)
at org.testng.Assert.assertEquals(Assert.java:131)
at org.testng.Assert.assertEquals(Assert.java:655)
at org.testng.Assert.assertEquals(Assert.java:665)
at cucumber.framework.runner.siloam.ttddigital.TestTTDPageKombinasiEmpat.siloam115_validasi_data_tersimpan_dan_form_ter_update(TestTTDPageKombinasiEmpat.java:127)
at ✽.Siloam115 Validasi Data tersimpan dan form ter-update(file:///C:/Users/NEXSOFT/Documents/Project/TA_SQA/JuaraCoding/Alamanda/TA-SQUAD-ACF/TA-SQUAD-ACF/src/test/resources/features/siloam/115UpdateDataSalesEmpatKombinasi.feature:16)
]]>
    </failure>
  </testcase> <!-- runScenario -->
  <system-out/>
  <testcase classname="cucumber.framework.runner.siloam.ttddigital.TandaTanganDigitalOutlineRunner" name="runScenario" time="3.636">
    <failure message="expected [Alamanda] but found [ADIT TEST]" type="java.lang.AssertionError">
      <![CDATA[java.lang.AssertionError: expected [Alamanda] but found [ADIT TEST]
at org.testng.Assert.fail(Assert.java:110)
at org.testng.Assert.failNotEquals(Assert.java:1413)
at org.testng.Assert.assertEqualsImpl(Assert.java:149)
at org.testng.Assert.assertEquals(Assert.java:131)
at org.testng.Assert.assertEquals(Assert.java:655)
at org.testng.Assert.assertEquals(Assert.java:665)
at cucumber.framework.runner.siloam.ttddigital.TestTTDPageKombinasiEmpat.siloam115_validasi_data_tersimpan_dan_form_ter_update(TestTTDPageKombinasiEmpat.java:127)
at ✽.Siloam115 Validasi Data tersimpan dan form ter-update(file:///C:/Users/NEXSOFT/Documents/Project/TA_SQA/JuaraCoding/Alamanda/TA-SQUAD-ACF/TA-SQUAD-ACF/src/test/resources/features/siloam/115UpdateDataSalesEmpatKombinasi.feature:16)
]]>
    </failure>
  </testcase> <!-- runScenario -->
  <system-out/>
  <testcase classname="cucumber.framework.runner.siloam.ttddigital.TandaTanganDigitalOutlineRunner" name="runScenario" time="2.062"/>
  <system-out/>
  <testcase classname="cucumber.framework.runner.siloam.ttddigital.TandaTanganDigitalOutlineRunner" name="runScenario" time="3.068"/>
  <system-out/>
  <testcase classname="cucumber.framework.runner.siloam.ttddigital.TandaTanganDigitalOutlineRunner" name="runScenario" time="3.395"/>
  <system-out/>
  <testcase classname="cucumber.framework.runner.siloam.ttddigital.TandaTanganDigitalOutlineRunner" name="runScenario" time="2.317">
    <failure message="expected [Alamanda] but found [ADIT TEST]" type="java.lang.AssertionError">
      <![CDATA[java.lang.AssertionError: expected [Alamanda] but found [ADIT TEST]
at org.testng.Assert.fail(Assert.java:110)
at org.testng.Assert.failNotEquals(Assert.java:1413)
at org.testng.Assert.assertEqualsImpl(Assert.java:149)
at org.testng.Assert.assertEquals(Assert.java:131)
at org.testng.Assert.assertEquals(Assert.java:655)
at org.testng.Assert.assertEquals(Assert.java:665)
at cucumber.framework.runner.siloam.ttddigital.TestTTDPageKombinasiTiga.siloam110_validasi_data_tersimpan_dan_form_ter_update(TestTTDPageKombinasiTiga.java:155)
at ✽.Siloam110 Validasi Data tersimpan dan form ter-update(file:///C:/Users/NEXSOFT/Documents/Project/TA_SQA/JuaraCoding/Alamanda/TA-SQUAD-ACF/TA-SQUAD-ACF/src/test/resources/features/siloam/110UpdateDataSalesTigaKombinasi.feature:16)
]]>
    </failure>
  </testcase> <!-- runScenario -->
  <system-out/>
  <testcase classname="cucumber.framework.runner.siloam.ttddigital.TandaTanganDigitalOutlineRunner" name="runScenario" time="4.108"/>
  <system-out/>
  <testcase classname="cucumber.framework.runner.siloam.ttddigital.TandaTanganDigitalOutlineRunner" name="runScenario" time="4.176"/>
  <system-out/>
  <testcase classname="cucumber.framework.runner.siloam.ttddigital.TandaTanganDigitalOutlineRunner" name="runScenario" time="3.356">
    <failure message="expected [Alamanda] but found [ADIT TEST]" type="java.lang.AssertionError">
      <![CDATA[java.lang.AssertionError: expected [Alamanda] but found [ADIT TEST]
at org.testng.Assert.fail(Assert.java:110)
at org.testng.Assert.failNotEquals(Assert.java:1413)
at org.testng.Assert.assertEqualsImpl(Assert.java:149)
at org.testng.Assert.assertEquals(Assert.java:131)
at org.testng.Assert.assertEquals(Assert.java:655)
at org.testng.Assert.assertEquals(Assert.java:665)
at cucumber.framework.runner.siloam.ttddigital.TestTTDPageKombinasiEmpat.siloam115_validasi_data_tersimpan_dan_form_ter_update(TestTTDPageKombinasiEmpat.java:127)
at ✽.Siloam115 Validasi Data tersimpan dan form ter-update(file:///C:/Users/NEXSOFT/Documents/Project/TA_SQA/JuaraCoding/Alamanda/TA-SQUAD-ACF/TA-SQUAD-ACF/src/test/resources/features/siloam/115UpdateDataSalesEmpatKombinasi.feature:16)
]]>
    </failure>
  </testcase> <!-- runScenario -->
  <system-out/>
  <testcase classname="cucumber.framework.runner.siloam.ttddigital.TandaTanganDigitalOutlineRunner" name="runScenario" time="4.378"/>
  <system-out/>
  <testcase classname="cucumber.framework.runner.siloam.ttddigital.TandaTanganDigitalOutlineRunner" name="runScenario" time="2.886"/>
  <system-out/>
  <testcase classname="cucumber.framework.runner.siloam.ttddigital.TandaTanganDigitalOutlineRunner" name="runScenario" time="2.204">
    <failure message="expected [Alamanda] but found [ADIT TEST]" type="java.lang.AssertionError">
      <![CDATA[java.lang.AssertionError: expected [Alamanda] but found [ADIT TEST]
at org.testng.Assert.fail(Assert.java:110)
at org.testng.Assert.failNotEquals(Assert.java:1413)
at org.testng.Assert.assertEqualsImpl(Assert.java:149)
at org.testng.Assert.assertEquals(Assert.java:131)
at org.testng.Assert.assertEquals(Assert.java:655)
at org.testng.Assert.assertEquals(Assert.java:665)
at cucumber.framework.runner.siloam.ttddigital.TestTTDPageKombinasiEmpat.siloam115_validasi_data_tersimpan_dan_form_ter_update(TestTTDPageKombinasiEmpat.java:127)
at ✽.Siloam115 Validasi Data tersimpan dan form ter-update(file:///C:/Users/NEXSOFT/Documents/Project/TA_SQA/JuaraCoding/Alamanda/TA-SQUAD-ACF/TA-SQUAD-ACF/src/test/resources/features/siloam/115UpdateDataSalesEmpatKombinasi.feature:16)
]]>
    </failure>
  </testcase> <!-- runScenario -->
  <system-out/>
  <testcase classname="cucumber.framework.runner.siloam.ttddigital.TandaTanganDigitalOutlineRunner" name="runScenario" time="3.140">
    <failure message="expected [Alamanda] but found [ADIT TEST]" type="java.lang.AssertionError">
      <![CDATA[java.lang.AssertionError: expected [Alamanda] but found [ADIT TEST]
at org.testng.Assert.fail(Assert.java:110)
at org.testng.Assert.failNotEquals(Assert.java:1413)
at org.testng.Assert.assertEqualsImpl(Assert.java:149)
at org.testng.Assert.assertEquals(Assert.java:131)
at org.testng.Assert.assertEquals(Assert.java:655)
at org.testng.Assert.assertEquals(Assert.java:665)
at cucumber.framework.runner.siloam.ttddigital.TestTTDPageKombinasiEmpat.siloam115_validasi_data_tersimpan_dan_form_ter_update(TestTTDPageKombinasiEmpat.java:127)
at ✽.Siloam115 Validasi Data tersimpan dan form ter-update(file:///C:/Users/NEXSOFT/Documents/Project/TA_SQA/JuaraCoding/Alamanda/TA-SQUAD-ACF/TA-SQUAD-ACF/src/test/resources/features/siloam/115UpdateDataSalesEmpatKombinasi.feature:16)
]]>
    </failure>
  </testcase> <!-- runScenario -->
  <system-out/>
  <testcase classname="cucumber.framework.runner.siloam.ttddigital.TandaTanganDigitalOutlineRunner" name="runScenario" time="2.942"/>
  <system-out/>
  <testcase classname="cucumber.framework.runner.siloam.ttddigital.TandaTanganDigitalOutlineRunner" name="runScenario" time="2.415"/>
  <system-out/>
  <testcase classname="cucumber.framework.runner.siloam.ttddigital.TandaTanganDigitalOutlineRunner" name="runScenario" time="1.937"/>
  <system-out/>
  <testcase classname="cucumber.framework.runner.siloam.ttddigital.TandaTanganDigitalOutlineRunner" name="runScenario" time="2.996">
    <failure message="expected [Alamanda] but found [ADIT TEST]" type="java.lang.AssertionError">
      <![CDATA[java.lang.AssertionError: expected [Alamanda] but found [ADIT TEST]
at org.testng.Assert.fail(Assert.java:110)
at org.testng.Assert.failNotEquals(Assert.java:1413)
at org.testng.Assert.assertEqualsImpl(Assert.java:149)
at org.testng.Assert.assertEquals(Assert.java:131)
at org.testng.Assert.assertEquals(Assert.java:655)
at org.testng.Assert.assertEquals(Assert.java:665)
at cucumber.framework.runner.siloam.ttddigital.TestTTDPageKombinasiEmpat.siloam115_validasi_data_tersimpan_dan_form_ter_update(TestTTDPageKombinasiEmpat.java:127)
at ✽.Siloam115 Validasi Data tersimpan dan form ter-update(file:///C:/Users/NEXSOFT/Documents/Project/TA_SQA/JuaraCoding/Alamanda/TA-SQUAD-ACF/TA-SQUAD-ACF/src/test/resources/features/siloam/115UpdateDataSalesEmpatKombinasi.feature:16)
]]>
    </failure>
  </testcase> <!-- runScenario -->
  <system-out/>
  <testcase classname="cucumber.framework.runner.siloam.ttddigital.TandaTanganDigitalOutlineRunner" name="runScenario" time="2.800"/>
  <system-out/>
  <testcase classname="cucumber.framework.runner.siloam.ttddigital.TandaTanganDigitalOutlineRunner" name="runScenario" time="5.214"/>
  <system-out/>
  <testcase classname="cucumber.framework.runner.siloam.ttddigital.TandaTanganDigitalOutlineRunner" name="runScenario" time="3.797"/>
  <system-out/>
  <testcase classname="cucumber.framework.runner.siloam.ttddigital.TandaTanganDigitalOutlineRunner" name="runScenario" time="4.345"/>
  <system-out/>
  <testcase classname="cucumber.framework.runner.siloam.ttddigital.TandaTanganDigitalOutlineRunner" name="runScenario" time="4.372">
    <failure message="expected [Alamanda] but found [ADIT TEST]" type="java.lang.AssertionError">
      <![CDATA[java.lang.AssertionError: expected [Alamanda] but found [ADIT TEST]
at org.testng.Assert.fail(Assert.java:110)
at org.testng.Assert.failNotEquals(Assert.java:1413)
at org.testng.Assert.assertEqualsImpl(Assert.java:149)
at org.testng.Assert.assertEquals(Assert.java:131)
at org.testng.Assert.assertEquals(Assert.java:655)
at org.testng.Assert.assertEquals(Assert.java:665)
at cucumber.framework.runner.siloam.ttddigital.TestTTDPageKombinasiTiga.siloam110_validasi_data_tersimpan_dan_form_ter_update(TestTTDPageKombinasiTiga.java:155)
at ✽.Siloam110 Validasi Data tersimpan dan form ter-update(file:///C:/Users/NEXSOFT/Documents/Project/TA_SQA/JuaraCoding/Alamanda/TA-SQUAD-ACF/TA-SQUAD-ACF/src/test/resources/features/siloam/110UpdateDataSalesTigaKombinasi.feature:16)
]]>
    </failure>
  </testcase> <!-- runScenario -->
  <system-out/>
  <testcase classname="cucumber.framework.runner.siloam.ttddigital.TandaTanganDigitalOutlineRunner" name="runScenario" time="2.323"/>
  <system-out/>
  <testcase classname="cucumber.framework.runner.siloam.ttddigital.TandaTanganDigitalOutlineRunner" name="runScenario" time="2.747"/>
  <system-out/>
  <testcase classname="cucumber.framework.runner.siloam.ttddigital.TandaTanganDigitalOutlineRunner" name="runScenario" time="2.365"/>
  <system-out/>
</testsuite> <!-- cucumber.framework.runner.siloam.ttddigital.TandaTanganDigitalOutlineRunner -->
