<?xml version="1.0" encoding="UTF-8"?>
<!-- Generated by org.testng.reporters.JUnitReportReporter -->
<testsuite hostname="DESKTOP-RFC9575" failures="0" tests="16" name="cucumber.framework.runner.siloam.login.LoginOutlineRunner" time="30.268" errors="0" timestamp="2022-09-30T15:38:07 WIB" skipped="0">
  <testcase classname="cucumber.framework.runner.siloam.login.LoginOutlineRunner" name="runScenario" time="0.421"/>
  <system-out/>
  <testcase classname="cucumber.framework.runner.siloam.login.LoginOutlineRunner" name="runScenario" time="0.685"/>
  <system-out/>
  <testcase classname="cucumber.framework.runner.siloam.login.LoginOutlineRunner" name="runScenario" time="1.213"/>
  <system-out/>
  <testcase classname="cucumber.framework.runner.siloam.login.LoginOutlineRunner" name="runScenario" time="0.382"/>
  <system-out/>
  <testcase classname="cucumber.framework.runner.siloam.login.LoginOutlineRunner" name="runScenario" time="0.350"/>
  <system-out/>
  <testcase classname="cucumber.framework.runner.siloam.login.LoginOutlineRunner" name="runScenario" time="0.390"/>
  <system-out/>
  <testcase classname="cucumber.framework.runner.siloam.login.LoginOutlineRunner" name="runScenario" time="0.378"/>
  <system-out/>
  <testcase classname="cucumber.framework.runner.siloam.login.LoginOutlineRunner" name="runScenario" time="0.626"/>
  <system-out/>
  <testcase classname="cucumber.framework.runner.siloam.login.LoginOutlineRunner" name="runScenario" time="0.367"/>
  <system-out/>
  <testcase classname="cucumber.framework.runner.siloam.login.LoginOutlineRunner" name="runScenario" time="0.437"/>
  <system-out/>
  <testcase classname="cucumber.framework.runner.siloam.login.LoginOutlineRunner" name="runScenario" time="0.384"/>
  <system-out/>
  <testcase classname="cucumber.framework.runner.siloam.login.LoginOutlineRunner" name="runScenario" time="0.380"/>
  <system-out/>
  <testcase classname="cucumber.framework.runner.siloam.login.LoginOutlineRunner" name="runScenario" time="1.137"/>
  <system-out/>
  <testcase classname="cucumber.framework.runner.siloam.login.LoginOutlineRunner" name="runScenario" time="1.211"/>
  <system-out/>
  <testcase classname="cucumber.framework.runner.siloam.login.LoginOutlineRunner" name="runScenario" time="21.517"/>
  <system-out/>
  <testcase classname="cucumber.framework.runner.siloam.login.LoginOutlineRunner" name="runScenario" time="0.390"/>
  <system-out/>
</testsuite> <!-- cucumber.framework.runner.siloam.login.LoginOutlineRunner -->
