<?xml version="1.0" encoding="UTF-8"?>
<!-- Generated by org.testng.reporters.JUnitReportReporter -->
<testsuite hostname="DESKTOP-RFC9575" failures="1" tests="9" name="cucumber.framework.runner.siloam.ttddigital.TandaTanganDigitalOutlineRunner" time="46.705" errors="0" timestamp="2022-10-03T11:41:05 WIB" skipped="0">
  <testcase classname="cucumber.framework.runner.siloam.ttddigital.TandaTanganDigitalOutlineRunner" name="runScenario" time="3.789">
    <failure message="expected [acc] but found [ADIT TEST]" type="java.lang.AssertionError">
      <![CDATA[java.lang.AssertionError: expected [acc] but found [ADIT TEST]
at org.testng.Assert.fail(Assert.java:110)
at org.testng.Assert.failNotEquals(Assert.java:1413)
at org.testng.Assert.assertEqualsImpl(Assert.java:149)
at org.testng.Assert.assertEquals(Assert.java:131)
at org.testng.Assert.assertEquals(Assert.java:655)
at org.testng.Assert.assertEquals(Assert.java:665)
at cucumber.framework.runner.siloam.ttddigital.TestTTDPageKombinasiSatu.siloam100_validasi_data_tersimpan_dan_form_ter_update(TestTTDPageKombinasiSatu.java:121)
at âœ½.Siloam100 Validasi Data tersimpan dan form ter-update(file:///C:/Users/NEXSOFT/Documents/Project/TA_SQA/JuaraCoding/Alamanda/TA-SQUAD-ACF/TA-SQUAD-ACF/src/test/resources/features/siloam/100UpdateDataSalesSatuKombinasi.feature:17)
]]>
    </failure>
  </testcase> <!-- runScenario -->
  <system-out/>
  <testcase classname="cucumber.framework.runner.siloam.ttddigital.TandaTanganDigitalOutlineRunner" name="runScenario" time="7.387"/>
  <system-out/>
  <testcase classname="cucumber.framework.runner.siloam.ttddigital.TandaTanganDigitalOutlineRunner" name="runScenario" time="3.277"/>
  <system-out/>
  <testcase classname="cucumber.framework.runner.siloam.ttddigital.TandaTanganDigitalOutlineRunner" name="runScenario" time="4.036"/>
  <system-out/>
  <testcase classname="cucumber.framework.runner.siloam.ttddigital.TandaTanganDigitalOutlineRunner" name="runScenario" time="12.825"/>
  <system-out/>
  <testcase classname="cucumber.framework.runner.siloam.ttddigital.TandaTanganDigitalOutlineRunner" name="runScenario" time="3.571"/>
  <system-out/>
  <testcase classname="cucumber.framework.runner.siloam.ttddigital.TandaTanganDigitalOutlineRunner" name="runScenario" time="5.314"/>
  <system-out/>
  <testcase classname="cucumber.framework.runner.siloam.ttddigital.TandaTanganDigitalOutlineRunner" name="runScenario" time="3.332"/>
  <system-out/>
  <testcase classname="cucumber.framework.runner.siloam.ttddigital.TandaTanganDigitalOutlineRunner" name="runScenario" time="3.174"/>
  <system-out/>
</testsuite> <!-- cucumber.framework.runner.siloam.ttddigital.TandaTanganDigitalOutlineRunner -->
