<?xml version="1.0" encoding="UTF-8"?>
<!-- Generated by org.testng.reporters.JUnitReportReporter -->
<testsuite hostname="DESKTOP-RFC9575" failures="0" tests="1" name="cucumber.framework.runner.siloam.ttddigital.TandaTanganDigitalOutlineRunner" time="62.333" errors="0" timestamp="2022-10-02T22:20:55 WIB" skipped="0">
  <testcase classname="cucumber.framework.runner.siloam.ttddigital.TandaTanganDigitalOutlineRunner" name="runScenario" time="62.333"/>
  <system-out/>
</testsuite> <!-- cucumber.framework.runner.siloam.ttddigital.TandaTanganDigitalOutlineRunner -->
