<?xml version="1.0" encoding="UTF-8"?>
<!-- Generated by org.testng.reporters.JUnitReportReporter -->
<testsuite hostname="DESKTOP-RFC9575" failures="1" tests="9" name="cucumber.framework.runner.siloam.ttddigital.TandaTanganDigitalOutlineRunner" time="22.178" errors="0" timestamp="2022-10-04T14:20:29 WIB" skipped="0">
  <testcase classname="cucumber.framework.runner.siloam.ttddigital.TandaTanganDigitalOutlineRunner" name="runScenario" time="1.709">
    <failure message="expected [acc] but found [ADIT TEST]" type="java.lang.AssertionError">
      <![CDATA[java.lang.AssertionError: expected [acc] but found [ADIT TEST]
at org.testng.Assert.fail(Assert.java:110)
at org.testng.Assert.failNotEquals(Assert.java:1413)
at org.testng.Assert.assertEqualsImpl(Assert.java:149)
at org.testng.Assert.assertEquals(Assert.java:131)
at org.testng.Assert.assertEquals(Assert.java:655)
at org.testng.Assert.assertEquals(Assert.java:665)
at cucumber.framework.runner.siloam.ttddigital.TestTTDPageKombinasiSatu.siloam100_validasi_data_tersimpan_dan_form_ter_update(TestTTDPageKombinasiSatu.java:135)
at âœ½.Siloam100 Validasi Data tersimpan dan form ter-update(file:///C:/Users/NEXSOFT/Documents/Project/TA_SQA/JuaraCoding/Alamanda/TA-SQUAD-ACF/TA-SQUAD-ACF/src/test/resources/features/siloam/100UpdateDataSalesSatuKombinasi.feature:17)
]]>
    </failure>
  </testcase> <!-- runScenario -->
  <system-out/>
  <testcase classname="cucumber.framework.runner.siloam.ttddigital.TandaTanganDigitalOutlineRunner" name="runScenario" time="1.142"/>
  <system-out/>
  <testcase classname="cucumber.framework.runner.siloam.ttddigital.TandaTanganDigitalOutlineRunner" name="runScenario" time="1.961"/>
  <system-out/>
  <testcase classname="cucumber.framework.runner.siloam.ttddigital.TandaTanganDigitalOutlineRunner" name="runScenario" time="1.184"/>
  <system-out/>
  <testcase classname="cucumber.framework.runner.siloam.ttddigital.TandaTanganDigitalOutlineRunner" name="runScenario" time="2.850"/>
  <system-out/>
  <testcase classname="cucumber.framework.runner.siloam.ttddigital.TandaTanganDigitalOutlineRunner" name="runScenario" time="1.439"/>
  <system-out/>
  <testcase classname="cucumber.framework.runner.siloam.ttddigital.TandaTanganDigitalOutlineRunner" name="runScenario" time="9.151"/>
  <system-out/>
  <testcase classname="cucumber.framework.runner.siloam.ttddigital.TandaTanganDigitalOutlineRunner" name="runScenario" time="1.378"/>
  <system-out/>
  <testcase classname="cucumber.framework.runner.siloam.ttddigital.TandaTanganDigitalOutlineRunner" name="runScenario" time="1.364"/>
  <system-out/>
</testsuite> <!-- cucumber.framework.runner.siloam.ttddigital.TandaTanganDigitalOutlineRunner -->
